mode: set
github.com/alby-tomy/gitcollect/cmd/activity.go:45.13,51.2 5 1
github.com/alby-tomy/gitcollect/cmd/activity.go:53.59,57.16 3 0
github.com/alby-tomy/gitcollect/cmd/activity.go:57.16,59.3 1 0
github.com/alby-tomy/gitcollect/cmd/activity.go:60.2,60.23 1 0
github.com/alby-tomy/gitcollect/cmd/activity.go:60.23,62.3 1 0
github.com/alby-tomy/gitcollect/cmd/activity.go:64.2,65.16 2 0
github.com/alby-tomy/gitcollect/cmd/activity.go:65.16,67.3 1 0
github.com/alby-tomy/gitcollect/cmd/activity.go:69.2,70.16 2 0
github.com/alby-tomy/gitcollect/cmd/activity.go:70.16,72.3 1 0
github.com/alby-tomy/gitcollect/cmd/activity.go:74.2,75.24 2 0
github.com/alby-tomy/gitcollect/cmd/activity.go:75.24,77.32 2 0
github.com/alby-tomy/gitcollect/cmd/activity.go:77.32,78.30 1 0
github.com/alby-tomy/gitcollect/cmd/activity.go:78.30,80.5 1 0
github.com/alby-tomy/gitcollect/cmd/activity.go:82.3,82.24 1 0
github.com/alby-tomy/gitcollect/cmd/activity.go:82.24,84.4 1 0
github.com/alby-tomy/gitcollect/cmd/activity.go:87.2,88.16 2 0
github.com/alby-tomy/gitcollect/cmd/activity.go:88.16,90.3 1 0
github.com/alby-tomy/gitcollect/cmd/activity.go:91.2,96.28 4 0
github.com/alby-tomy/gitcollect/cmd/activity.go:96.28,97.39 1 0
github.com/alby-tomy/gitcollect/cmd/activity.go:97.39,98.12 1 0
github.com/alby-tomy/gitcollect/cmd/activity.go:100.3,100.44 1 0
github.com/alby-tomy/gitcollect/cmd/activity.go:100.44,102.12 2 0
github.com/alby-tomy/gitcollect/cmd/activity.go:104.3,104.13 1 0
github.com/alby-tomy/gitcollect/cmd/activity.go:107.2,108.24 2 0
github.com/alby-tomy/gitcollect/cmd/activity.go:108.24,110.3 1 0
github.com/alby-tomy/gitcollect/cmd/activity.go:110.8,112.3 1 0
github.com/alby-tomy/gitcollect/cmd/activity.go:113.2,113.43 1 0
github.com/alby-tomy/gitcollect/cmd/activity.go:113.43,115.3 1 0
github.com/alby-tomy/gitcollect/cmd/activity.go:117.2,117.18 1 0
github.com/alby-tomy/gitcollect/cmd/activity.go:117.18,119.3 1 0
github.com/alby-tomy/gitcollect/cmd/activity.go:121.2,121.24 1 0
github.com/alby-tomy/gitcollect/cmd/activity.go:121.24,123.3 1 0
github.com/alby-tomy/gitcollect/cmd/activity.go:123.8,125.30 2 0
github.com/alby-tomy/gitcollect/cmd/activity.go:125.30,127.4 1 0
github.com/alby-tomy/gitcollect/cmd/activity.go:128.3,128.85 1 0
github.com/alby-tomy/gitcollect/cmd/activity.go:131.2,131.18 1 0
github.com/alby-tomy/gitcollect/cmd/activity.go:131.18,133.3 1 0
github.com/alby-tomy/gitcollect/cmd/activity.go:134.2,134.24 1 0
github.com/alby-tomy/gitcollect/cmd/activity.go:134.24,136.3 1 0
github.com/alby-tomy/gitcollect/cmd/activity.go:137.2,137.12 1 0
github.com/alby-tomy/gitcollect/cmd/activity.go:140.34,141.18 1 1
github.com/alby-tomy/gitcollect/cmd/activity.go:141.18,143.3 1 1
github.com/alby-tomy/gitcollect/cmd/activity.go:144.2,144.12 1 1
github.com/alby-tomy/gitcollect/cmd/activity.go:151.73,154.29 3 1
github.com/alby-tomy/gitcollect/cmd/activity.go:154.29,156.17 2 1
github.com/alby-tomy/gitcollect/cmd/activity.go:156.17,159.4 2 1
github.com/alby-tomy/gitcollect/cmd/activity.go:161.2,161.28 1 1
github.com/alby-tomy/gitcollect/cmd/activity.go:161.28,163.17 2 1
github.com/alby-tomy/gitcollect/cmd/activity.go:163.17,166.4 2 1
github.com/alby-tomy/gitcollect/cmd/activity.go:168.2,168.17 1 1
github.com/alby-tomy/gitcollect/cmd/activity.go:174.140,184.31 6 0
github.com/alby-tomy/gitcollect/cmd/activity.go:184.31,187.35 3 0
github.com/alby-tomy/gitcollect/cmd/activity.go:187.35,189.17 2 0
github.com/alby-tomy/gitcollect/cmd/activity.go:189.17,189.26 1 0
github.com/alby-tomy/gitcollect/cmd/activity.go:191.4,192.18 2 0
github.com/alby-tomy/gitcollect/cmd/activity.go:192.18,195.5 2 0
github.com/alby-tomy/gitcollect/cmd/activity.go:196.4,197.20 2 0
github.com/alby-tomy/gitcollect/cmd/activity.go:197.20,199.5 1 0
github.com/alby-tomy/gitcollect/cmd/activity.go:201.4,202.18 2 0
github.com/alby-tomy/gitcollect/cmd/activity.go:202.18,205.5 2 0
github.com/alby-tomy/gitcollect/cmd/activity.go:207.4,209.30 3 0
github.com/alby-tomy/gitcollect/cmd/activity.go:209.30,220.5 1 0
github.com/alby-tomy/gitcollect/cmd/activity.go:221.4,221.41 1 0
github.com/alby-tomy/gitcollect/cmd/activity.go:224.2,228.28 4 0
github.com/alby-tomy/gitcollect/cmd/activity.go:228.28,229.19 1 0
github.com/alby-tomy/gitcollect/cmd/activity.go:229.19,231.12 2 0
github.com/alby-tomy/gitcollect/cmd/activity.go:233.3,233.34 1 0
github.com/alby-tomy/gitcollect/cmd/activity.go:235.2,235.18 1 0
github.com/alby-tomy/gitcollect/cmd/add.go:30.39,30.69 1 0
github.com/alby-tomy/gitcollect/cmd/add.go:34.32,34.79 1 1
github.com/alby-tomy/gitcollect/cmd/add.go:44.13,57.2 7 1
github.com/alby-tomy/gitcollect/cmd/add.go:59.54,65.37 4 1
github.com/alby-tomy/gitcollect/cmd/add.go:65.37,67.3 1 1
github.com/alby-tomy/gitcollect/cmd/add.go:68.2,68.39 1 1
github.com/alby-tomy/gitcollect/cmd/add.go:68.39,70.3 1 0
github.com/alby-tomy/gitcollect/cmd/add.go:72.2,72.37 1 1
github.com/alby-tomy/gitcollect/cmd/add.go:72.37,73.63 1 1
github.com/alby-tomy/gitcollect/cmd/add.go:73.63,75.4 1 0
github.com/alby-tomy/gitcollect/cmd/add.go:78.2,78.69 1 1
github.com/alby-tomy/gitcollect/cmd/add.go:78.69,80.3 1 0
github.com/alby-tomy/gitcollect/cmd/add.go:82.2,83.16 2 1
github.com/alby-tomy/gitcollect/cmd/add.go:83.16,85.3 1 0
github.com/alby-tomy/gitcollect/cmd/add.go:86.2,86.28 1 1
github.com/alby-tomy/gitcollect/cmd/add.go:86.28,88.3 1 0
github.com/alby-tomy/gitcollect/cmd/add.go:90.2,90.15 1 1
github.com/alby-tomy/gitcollect/cmd/add.go:90.15,92.3 1 1
github.com/alby-tomy/gitcollect/cmd/add.go:94.2,97.37 4 1
github.com/alby-tomy/gitcollect/cmd/add.go:97.37,98.92 1 1
github.com/alby-tomy/gitcollect/cmd/add.go:98.92,99.34 1 1
github.com/alby-tomy/gitcollect/cmd/add.go:99.34,101.13 2 1
github.com/alby-tomy/gitcollect/cmd/add.go:103.4,103.66 1 0
github.com/alby-tomy/gitcollect/cmd/add.go:107.2,107.22 1 1
github.com/alby-tomy/gitcollect/cmd/add.go:107.22,109.3 1 1
github.com/alby-tomy/gitcollect/cmd/add.go:110.2,110.21 1 1
github.com/alby-tomy/gitcollect/cmd/add.go:110.21,112.3 1 0
github.com/alby-tomy/gitcollect/cmd/add.go:113.2,113.12 1 1
github.com/alby-tomy/gitcollect/cmd/add.go:116.113,118.15 2 1
github.com/alby-tomy/gitcollect/cmd/add.go:118.15,120.3 1 1
github.com/alby-tomy/gitcollect/cmd/add.go:122.2,123.16 2 1
github.com/alby-tomy/gitcollect/cmd/add.go:123.16,125.3 1 0
github.com/alby-tomy/gitcollect/cmd/add.go:126.2,126.17 1 1
github.com/alby-tomy/gitcollect/cmd/add.go:126.17,128.3 1 0
github.com/alby-tomy/gitcollect/cmd/add.go:130.2,130.22 1 1
github.com/alby-tomy/gitcollect/cmd/add.go:130.22,132.3 1 1
github.com/alby-tomy/gitcollect/cmd/add.go:132.8,134.3 1 1
github.com/alby-tomy/gitcollect/cmd/add.go:136.2,137.16 2 1
github.com/alby-tomy/gitcollect/cmd/add.go:137.16,139.3 1 0
github.com/alby-tomy/gitcollect/cmd/add.go:141.2,141.21 1 1
github.com/alby-tomy/gitcollect/cmd/add.go:141.21,144.3 2 1
github.com/alby-tomy/gitcollect/cmd/add.go:146.2,147.26 2 1
github.com/alby-tomy/gitcollect/cmd/add.go:147.26,149.3 1 1
github.com/alby-tomy/gitcollect/cmd/add.go:151.2,151.15 1 1
github.com/alby-tomy/gitcollect/cmd/add.go:151.15,155.3 2 1
github.com/alby-tomy/gitcollect/cmd/add.go:157.2,159.81 2 1
github.com/alby-tomy/gitcollect/cmd/add.go:159.81,162.3 2 1
github.com/alby-tomy/gitcollect/cmd/add.go:164.2,166.26 3 1
github.com/alby-tomy/gitcollect/cmd/add.go:166.26,168.100 2 1
github.com/alby-tomy/gitcollect/cmd/add.go:168.100,169.34 1 0
github.com/alby-tomy/gitcollect/cmd/add.go:169.34,170.13 1 0
github.com/alby-tomy/gitcollect/cmd/add.go:172.4,172.64 1 0
github.com/alby-tomy/gitcollect/cmd/add.go:176.2,176.21 1 1
github.com/alby-tomy/gitcollect/cmd/add.go:176.21,178.3 1 0
github.com/alby-tomy/gitcollect/cmd/add.go:179.2,180.12 2 1
github.com/alby-tomy/gitcollect/cmd/add.go:189.149,193.17 3 1
github.com/alby-tomy/gitcollect/cmd/add.go:193.17,195.3 1 1
github.com/alby-tomy/gitcollect/cmd/add.go:196.2,196.39 1 1
github.com/alby-tomy/gitcollect/cmd/add.go:196.39,198.3 1 1
github.com/alby-tomy/gitcollect/cmd/add.go:200.2,200.24 1 1
github.com/alby-tomy/gitcollect/cmd/add.go:200.24,202.3 1 1
github.com/alby-tomy/gitcollect/cmd/add.go:204.2,205.114 2 1
github.com/alby-tomy/gitcollect/cmd/add.go:205.114,207.3 1 1
github.com/alby-tomy/gitcollect/cmd/add.go:209.2,210.47 2 1
github.com/alby-tomy/gitcollect/cmd/add.go:210.47,213.3 2 0
github.com/alby-tomy/gitcollect/cmd/add.go:214.2,214.22 1 1
github.com/alby-tomy/gitcollect/cmd/add.go:214.22,216.3 1 0
github.com/alby-tomy/gitcollect/cmd/add.go:218.2,228.19 3 1
github.com/alby-tomy/gitcollect/cmd/add.go:231.42,232.13 1 1
github.com/alby-tomy/gitcollect/cmd/add.go:232.13,234.3 1 1
github.com/alby-tomy/gitcollect/cmd/add.go:235.2,235.17 1 1
github.com/alby-tomy/gitcollect/cmd/add.go:241.125,242.30 1 1
github.com/alby-tomy/gitcollect/cmd/add.go:242.30,243.25 1 1
github.com/alby-tomy/gitcollect/cmd/add.go:243.25,245.4 1 1
github.com/alby-tomy/gitcollect/cmd/add.go:248.2,249.16 2 1
github.com/alby-tomy/gitcollect/cmd/add.go:249.16,251.3 1 1
github.com/alby-tomy/gitcollect/cmd/add.go:253.2,253.14 1 1
github.com/alby-tomy/gitcollect/cmd/add.go:253.14,255.24 2 1
github.com/alby-tomy/gitcollect/cmd/add.go:255.24,256.36 1 1
github.com/alby-tomy/gitcollect/cmd/add.go:256.36,259.5 2 1
github.com/alby-tomy/gitcollect/cmd/add.go:263.2,266.20 3 1
github.com/alby-tomy/gitcollect/cmd/add.go:266.20,277.3 3 1
github.com/alby-tomy/gitcollect/cmd/add.go:279.2,279.35 1 1
github.com/alby-tomy/gitcollect/cmd/add.go:279.35,281.3 1 0
github.com/alby-tomy/gitcollect/cmd/add.go:283.2,292.14 2 1
github.com/alby-tomy/gitcollect/cmd/add.go:292.14,294.3 1 1
github.com/alby-tomy/gitcollect/cmd/add.go:294.8,296.3 1 1
github.com/alby-tomy/gitcollect/cmd/add.go:297.2,298.12 2 1
github.com/alby-tomy/gitcollect/cmd/audit.go:30.13,38.2 7 1
github.com/alby-tomy/gitcollect/cmd/audit.go:60.50,61.13 1 1
github.com/alby-tomy/gitcollect/cmd/audit.go:61.13,63.3 1 1
github.com/alby-tomy/gitcollect/cmd/audit.go:64.2,64.36 1 1
github.com/alby-tomy/gitcollect/cmd/audit.go:64.36,66.3 1 1
github.com/alby-tomy/gitcollect/cmd/audit.go:67.2,67.116 1 1
github.com/alby-tomy/gitcollect/cmd/audit.go:70.56,71.13 1 1
github.com/alby-tomy/gitcollect/cmd/audit.go:71.13,73.3 1 1
github.com/alby-tomy/gitcollect/cmd/audit.go:74.2,75.16 2 1
github.com/alby-tomy/gitcollect/cmd/audit.go:75.16,77.3 1 0
github.com/alby-tomy/gitcollect/cmd/audit.go:78.2,78.15 1 1
github.com/alby-tomy/gitcollect/cmd/audit.go:81.56,85.60 2 1
github.com/alby-tomy/gitcollect/cmd/audit.go:85.60,87.3 1 1
github.com/alby-tomy/gitcollect/cmd/audit.go:89.2,90.16 2 1
github.com/alby-tomy/gitcollect/cmd/audit.go:90.16,92.3 1 0
github.com/alby-tomy/gitcollect/cmd/audit.go:94.2,95.16 2 1
github.com/alby-tomy/gitcollect/cmd/audit.go:95.16,97.3 1 0
github.com/alby-tomy/gitcollect/cmd/audit.go:98.2,99.16 2 1
github.com/alby-tomy/gitcollect/cmd/audit.go:99.16,101.3 1 0
github.com/alby-tomy/gitcollect/cmd/audit.go:103.2,103.18 1 1
github.com/alby-tomy/gitcollect/cmd/audit.go:103.18,105.3 1 1
github.com/alby-tomy/gitcollect/cmd/audit.go:107.2,107.51 1 1
github.com/alby-tomy/gitcollect/cmd/audit.go:107.51,109.3 1 0
github.com/alby-tomy/gitcollect/cmd/audit.go:111.2,112.16 2 1
github.com/alby-tomy/gitcollect/cmd/audit.go:112.16,114.3 1 0
github.com/alby-tomy/gitcollect/cmd/audit.go:115.2,119.15 4 1
github.com/alby-tomy/gitcollect/cmd/audit.go:119.15,121.3 1 1
github.com/alby-tomy/gitcollect/cmd/audit.go:123.2,123.23 1 0
github.com/alby-tomy/gitcollect/cmd/audit.go:123.23,126.3 2 0
github.com/alby-tomy/gitcollect/cmd/audit.go:128.2,128.28 1 0
github.com/alby-tomy/gitcollect/cmd/audit.go:128.28,131.23 3 0
github.com/alby-tomy/gitcollect/cmd/audit.go:131.23,133.4 1 0
github.com/alby-tomy/gitcollect/cmd/audit.go:134.3,134.99 1 0
github.com/alby-tomy/gitcollect/cmd/audit.go:136.2,136.12 1 0
github.com/alby-tomy/gitcollect/cmd/auth.go:30.13,33.2 2 1
github.com/alby-tomy/gitcollect/cmd/auth.go:35.55,37.16 2 0
github.com/alby-tomy/gitcollect/cmd/auth.go:37.16,39.3 1 0
github.com/alby-tomy/gitcollect/cmd/auth.go:41.2,42.16 2 0
github.com/alby-tomy/gitcollect/cmd/auth.go:42.16,44.3 1 0
github.com/alby-tomy/gitcollect/cmd/auth.go:45.2,45.17 1 0
github.com/alby-tomy/gitcollect/cmd/auth.go:45.17,47.3 1 0
github.com/alby-tomy/gitcollect/cmd/auth.go:49.2,52.16 3 0
github.com/alby-tomy/gitcollect/cmd/auth.go:52.16,54.3 1 0
github.com/alby-tomy/gitcollect/cmd/auth.go:56.2,56.54 1 0
github.com/alby-tomy/gitcollect/cmd/auth.go:56.54,58.3 1 0
github.com/alby-tomy/gitcollect/cmd/auth.go:59.2,59.58 1 0
github.com/alby-tomy/gitcollect/cmd/auth.go:59.58,61.3 1 0
github.com/alby-tomy/gitcollect/cmd/auth.go:62.2,62.57 1 0
github.com/alby-tomy/gitcollect/cmd/auth.go:62.57,64.3 1 0
github.com/alby-tomy/gitcollect/cmd/auth.go:66.2,67.12 2 0
github.com/alby-tomy/gitcollect/cmd/auth.go:73.50,77.16 4 0
github.com/alby-tomy/gitcollect/cmd/auth.go:77.16,79.3 1 0
github.com/alby-tomy/gitcollect/cmd/auth.go:80.2,80.51 1 0
github.com/alby-tomy/gitcollect/cmd/clone.go:37.13,43.2 5 1
github.com/alby-tomy/gitcollect/cmd/clone.go:49.39,51.24 2 1
github.com/alby-tomy/gitcollect/cmd/clone.go:51.24,53.3 1 1
github.com/alby-tomy/gitcollect/cmd/clone.go:54.2,54.14 1 1
github.com/alby-tomy/gitcollect/cmd/clone.go:57.56,60.26 2 1
github.com/alby-tomy/gitcollect/cmd/clone.go:60.26,62.3 1 0
github.com/alby-tomy/gitcollect/cmd/clone.go:63.2,63.45 1 1
github.com/alby-tomy/gitcollect/cmd/clone.go:63.45,65.3 1 0
github.com/alby-tomy/gitcollect/cmd/clone.go:67.2,68.16 2 1
github.com/alby-tomy/gitcollect/cmd/clone.go:68.16,70.3 1 0
github.com/alby-tomy/gitcollect/cmd/clone.go:72.2,73.16 2 1
github.com/alby-tomy/gitcollect/cmd/clone.go:73.16,75.3 1 0
github.com/alby-tomy/gitcollect/cmd/clone.go:77.2,78.16 2 1
github.com/alby-tomy/gitcollect/cmd/clone.go:78.16,80.3 1 0
github.com/alby-tomy/gitcollect/cmd/clone.go:82.2,84.23 2 1
github.com/alby-tomy/gitcollect/cmd/clone.go:84.23,87.3 2 0
github.com/alby-tomy/gitcollect/cmd/clone.go:89.2,94.28 5 1
github.com/alby-tomy/gitcollect/cmd/clone.go:94.28,95.16 1 1
github.com/alby-tomy/gitcollect/cmd/clone.go:95.16,97.12 2 1
github.com/alby-tomy/gitcollect/cmd/clone.go:99.3,100.19 2 1
github.com/alby-tomy/gitcollect/cmd/clone.go:100.19,102.4 1 0
github.com/alby-tomy/gitcollect/cmd/clone.go:102.9,104.4 1 1
github.com/alby-tomy/gitcollect/cmd/clone.go:107.2,107.17 1 1
github.com/alby-tomy/gitcollect/cmd/clone.go:107.17,110.3 2 1
github.com/alby-tomy/gitcollect/cmd/clone.go:112.2,112.21 1 1
github.com/alby-tomy/gitcollect/cmd/clone.go:112.21,114.28 2 0
github.com/alby-tomy/gitcollect/cmd/clone.go:114.28,116.4 1 0
github.com/alby-tomy/gitcollect/cmd/clone.go:117.8,118.23 1 1
github.com/alby-tomy/gitcollect/cmd/clone.go:118.23,121.4 1 1
github.com/alby-tomy/gitcollect/cmd/clone.go:121.9,123.4 1 0
github.com/alby-tomy/gitcollect/cmd/clone.go:124.3,124.58 1 1
github.com/alby-tomy/gitcollect/cmd/clone.go:124.58,126.4 1 1
github.com/alby-tomy/gitcollect/cmd/clone.go:127.3,127.23 1 1
github.com/alby-tomy/gitcollect/cmd/clone.go:127.23,129.4 1 1
github.com/alby-tomy/gitcollect/cmd/clone.go:132.2,132.22 1 1
github.com/alby-tomy/gitcollect/cmd/clone.go:132.22,142.75 3 0
github.com/alby-tomy/gitcollect/cmd/clone.go:142.75,144.4 1 0
github.com/alby-tomy/gitcollect/cmd/clone.go:147.2,147.21 1 1
github.com/alby-tomy/gitcollect/cmd/clone.go:147.21,149.3 1 0
github.com/alby-tomy/gitcollect/cmd/clone.go:150.2,150.12 1 1
github.com/alby-tomy/gitcollect/cmd/clone.go:155.112,157.35 2 1
github.com/alby-tomy/gitcollect/cmd/clone.go:157.35,159.24 2 1
github.com/alby-tomy/gitcollect/cmd/clone.go:159.24,161.4 1 1
github.com/alby-tomy/gitcollect/cmd/clone.go:163.2,163.11 1 1
github.com/alby-tomy/gitcollect/cmd/clone.go:171.111,172.9 1 1
github.com/alby-tomy/gitcollect/cmd/clone.go:173.53,174.97 1 0
github.com/alby-tomy/gitcollect/cmd/clone.go:175.10,177.19 2 1
github.com/alby-tomy/gitcollect/cmd/clone.go:177.19,179.4 1 1
github.com/alby-tomy/gitcollect/cmd/clone.go:180.3,181.75 2 1
github.com/alby-tomy/gitcollect/cmd/clone.go:189.167,191.31 2 1
github.com/alby-tomy/gitcollect/cmd/clone.go:191.31,193.3 1 1
github.com/alby-tomy/gitcollect/cmd/clone.go:195.2,195.30 1 1
github.com/alby-tomy/gitcollect/cmd/clone.go:195.30,196.42 1 1
github.com/alby-tomy/gitcollect/cmd/clone.go:196.42,198.4 1 1
github.com/alby-tomy/gitcollect/cmd/clone.go:200.2,202.20 2 1
github.com/alby-tomy/gitcollect/cmd/clone.go:202.20,204.3 1 1
github.com/alby-tomy/gitcollect/cmd/clone.go:206.2,207.28 2 1
github.com/alby-tomy/gitcollect/cmd/clone.go:207.28,209.10 2 1
github.com/alby-tomy/gitcollect/cmd/clone.go:209.10,211.4 1 1
github.com/alby-tomy/gitcollect/cmd/clone.go:212.3,212.31 1 1
github.com/alby-tomy/gitcollect/cmd/clone.go:214.2,214.30 1 1
github.com/alby-tomy/gitcollect/cmd/clone.go:227.152,237.31 3 1
github.com/alby-tomy/gitcollect/cmd/clone.go:237.31,240.46 3 1
github.com/alby-tomy/gitcollect/cmd/clone.go:240.46,242.17 2 1
github.com/alby-tomy/gitcollect/cmd/clone.go:242.17,242.26 1 1
github.com/alby-tomy/gitcollect/cmd/clone.go:244.4,245.55 2 1
github.com/alby-tomy/gitcollect/cmd/clone.go:245.55,252.5 6 1
github.com/alby-tomy/gitcollect/cmd/clone.go:254.4,261.14 7 1
github.com/alby-tomy/gitcollect/cmd/clone.go:261.14,263.5 1 1
github.com/alby-tomy/gitcollect/cmd/clone.go:264.4,265.18 2 1
github.com/alby-tomy/gitcollect/cmd/clone.go:265.18,267.5 1 0
github.com/alby-tomy/gitcollect/cmd/clone.go:268.4,270.15 3 1
github.com/alby-tomy/gitcollect/cmd/clone.go:273.2,274.16 2 1
github.com/alby-tomy/gitcollect/cmd/clone.go:279.104,282.16 3 1
github.com/alby-tomy/gitcollect/cmd/clone.go:282.16,284.3 1 0
github.com/alby-tomy/gitcollect/cmd/clone.go:285.2,285.12 1 1
github.com/alby-tomy/gitcollect/cmd/clone.go:285.12,287.3 1 1
github.com/alby-tomy/gitcollect/cmd/clone.go:288.2,289.41 2 0
github.com/alby-tomy/gitcollect/cmd/completion.go:12.42,12.89 1 0
github.com/alby-tomy/gitcollect/cmd/completion.go:22.61,25.15 2 1
github.com/alby-tomy/gitcollect/cmd/completion.go:26.14,27.62 1 1
github.com/alby-tomy/gitcollect/cmd/completion.go:27.62,29.4 1 0
github.com/alby-tomy/gitcollect/cmd/completion.go:30.13,31.61 1 0
github.com/alby-tomy/gitcollect/cmd/completion.go:31.61,33.4 1 0
github.com/alby-tomy/gitcollect/cmd/completion.go:34.14,35.68 1 0
github.com/alby-tomy/gitcollect/cmd/completion.go:35.68,37.4 1 0
github.com/alby-tomy/gitcollect/cmd/completion.go:38.20,39.68 1 0
github.com/alby-tomy/gitcollect/cmd/completion.go:39.68,41.4 1 0
github.com/alby-tomy/gitcollect/cmd/completion.go:42.10,43.90 1 0
github.com/alby-tomy/gitcollect/cmd/completion.go:46.2,46.30 1 1
github.com/alby-tomy/gitcollect/cmd/completion.go:46.30,49.3 1 1
github.com/alby-tomy/gitcollect/cmd/completion.go:49.8,51.3 1 1
github.com/alby-tomy/gitcollect/cmd/completion.go:52.2,52.12 1 1
github.com/alby-tomy/gitcollect/cmd/completion.go:55.49,56.15 1 1
github.com/alby-tomy/gitcollect/cmd/completion.go:57.14,58.21 1 1
github.com/alby-tomy/gitcollect/cmd/completion.go:59.13,60.20 1 0
github.com/alby-tomy/gitcollect/cmd/completion.go:61.14,62.54 1 0
github.com/alby-tomy/gitcollect/cmd/completion.go:63.10,64.20 1 0
github.com/alby-tomy/gitcollect/cmd/completion.go:68.50,69.15 1 1
github.com/alby-tomy/gitcollect/cmd/completion.go:70.14,71.28 1 1
github.com/alby-tomy/gitcollect/cmd/completion.go:72.13,73.27 1 0
github.com/alby-tomy/gitcollect/cmd/completion.go:74.14,75.52 1 0
github.com/alby-tomy/gitcollect/cmd/completion.go:76.20,77.22 1 0
github.com/alby-tomy/gitcollect/cmd/completion.go:78.10,79.29 1 0
github.com/alby-tomy/gitcollect/cmd/completion.go:83.13,85.2 1 1
github.com/alby-tomy/gitcollect/cmd/copy.go:19.13,21.2 1 1
github.com/alby-tomy/gitcollect/cmd/copy.go:23.55,27.16 3 1
github.com/alby-tomy/gitcollect/cmd/copy.go:27.16,29.3 1 0
github.com/alby-tomy/gitcollect/cmd/copy.go:30.2,30.28 1 1
github.com/alby-tomy/gitcollect/cmd/copy.go:30.28,32.3 1 1
github.com/alby-tomy/gitcollect/cmd/copy.go:34.2,34.44 1 1
github.com/alby-tomy/gitcollect/cmd/copy.go:34.44,36.3 1 1
github.com/alby-tomy/gitcollect/cmd/copy.go:38.2,48.12 3 1
github.com/alby-tomy/gitcollect/cmd/delete.go:30.13,33.2 2 1
github.com/alby-tomy/gitcollect/cmd/delete.go:37.67,38.27 1 1
github.com/alby-tomy/gitcollect/cmd/delete.go:38.27,40.3 1 1
github.com/alby-tomy/gitcollect/cmd/delete.go:41.2,42.33 2 1
github.com/alby-tomy/gitcollect/cmd/delete.go:42.33,43.43 1 1
github.com/alby-tomy/gitcollect/cmd/delete.go:43.43,45.4 1 1
github.com/alby-tomy/gitcollect/cmd/delete.go:45.9,47.4 1 0
github.com/alby-tomy/gitcollect/cmd/delete.go:49.2,49.92 1 1
github.com/alby-tomy/gitcollect/cmd/delete.go:52.57,56.16 3 1
github.com/alby-tomy/gitcollect/cmd/delete.go:56.16,58.3 1 0
github.com/alby-tomy/gitcollect/cmd/delete.go:59.2,59.28 1 1
github.com/alby-tomy/gitcollect/cmd/delete.go:59.28,61.3 1 0
github.com/alby-tomy/gitcollect/cmd/delete.go:63.2,65.18 2 1
github.com/alby-tomy/gitcollect/cmd/delete.go:65.18,69.3 2 1
github.com/alby-tomy/gitcollect/cmd/delete.go:71.2,72.39 2 0
github.com/alby-tomy/gitcollect/cmd/delete.go:72.39,74.3 1 0
github.com/alby-tomy/gitcollect/cmd/delete.go:76.2,76.60 1 0
github.com/alby-tomy/gitcollect/cmd/delete.go:76.60,86.3 2 0
github.com/alby-tomy/gitcollect/cmd/delete.go:88.2,88.37 1 0
github.com/alby-tomy/gitcollect/cmd/delete.go:88.37,90.3 1 0
github.com/alby-tomy/gitcollect/cmd/delete.go:92.2,102.12 3 0
github.com/alby-tomy/gitcollect/cmd/delete.go:108.82,112.32 4 0
github.com/alby-tomy/gitcollect/cmd/delete.go:112.32,113.31 1 0
github.com/alby-tomy/gitcollect/cmd/delete.go:113.31,115.4 1 0
github.com/alby-tomy/gitcollect/cmd/delete.go:118.2,124.26 2 0
github.com/alby-tomy/gitcollect/cmd/delete.go:124.26,127.19 3 0
github.com/alby-tomy/gitcollect/cmd/delete.go:127.19,129.17 2 0
github.com/alby-tomy/gitcollect/cmd/delete.go:129.17,129.26 1 0
github.com/alby-tomy/gitcollect/cmd/delete.go:130.4,130.87 1 0
github.com/alby-tomy/gitcollect/cmd/delete.go:130.87,134.5 3 0
github.com/alby-tomy/gitcollect/cmd/delete.go:137.2,139.19 2 0
github.com/alby-tomy/gitcollect/cmd/delete.go:139.19,141.3 1 0
github.com/alby-tomy/gitcollect/cmd/delete.go:142.2,142.12 1 0
github.com/alby-tomy/gitcollect/cmd/describe.go:22.59,25.20 3 1
github.com/alby-tomy/gitcollect/cmd/describe.go:25.20,27.3 1 1
github.com/alby-tomy/gitcollect/cmd/describe.go:29.2,30.16 2 1
github.com/alby-tomy/gitcollect/cmd/describe.go:30.16,32.3 1 0
github.com/alby-tomy/gitcollect/cmd/describe.go:33.2,33.28 1 1
github.com/alby-tomy/gitcollect/cmd/describe.go:33.28,36.3 1 1
github.com/alby-tomy/gitcollect/cmd/describe.go:38.2,40.35 3 1
github.com/alby-tomy/gitcollect/cmd/describe.go:40.35,42.3 1 0
github.com/alby-tomy/gitcollect/cmd/describe.go:44.2,45.19 2 1
github.com/alby-tomy/gitcollect/cmd/describe.go:45.19,48.3 2 1
github.com/alby-tomy/gitcollect/cmd/describe.go:48.8,50.3 1 1
github.com/alby-tomy/gitcollect/cmd/describe.go:52.2,61.12 2 1
github.com/alby-tomy/gitcollect/cmd/describe.go:64.13,66.2 1 1
github.com/alby-tomy/gitcollect/cmd/diff.go:32.13,37.2 4 1
github.com/alby-tomy/gitcollect/cmd/diff.go:57.55,61.16 3 1
github.com/alby-tomy/gitcollect/cmd/diff.go:61.16,63.3 1 0
github.com/alby-tomy/gitcollect/cmd/diff.go:65.2,71.22 2 1
github.com/alby-tomy/gitcollect/cmd/diff.go:71.22,73.17 2 1
github.com/alby-tomy/gitcollect/cmd/diff.go:73.17,75.4 1 1
github.com/alby-tomy/gitcollect/cmd/diff.go:77.2,77.20 1 1
github.com/alby-tomy/gitcollect/cmd/diff.go:77.20,79.34 2 1
github.com/alby-tomy/gitcollect/cmd/diff.go:79.34,81.4 1 0
github.com/alby-tomy/gitcollect/cmd/diff.go:84.2,84.14 1 1
github.com/alby-tomy/gitcollect/cmd/diff.go:84.14,92.41 4 1
github.com/alby-tomy/gitcollect/cmd/diff.go:92.41,94.4 1 0
github.com/alby-tomy/gitcollect/cmd/diff.go:95.3,95.20 1 1
github.com/alby-tomy/gitcollect/cmd/diff.go:95.20,97.4 1 0
github.com/alby-tomy/gitcollect/cmd/diff.go:98.3,98.13 1 1
github.com/alby-tomy/gitcollect/cmd/diff.go:101.2,103.22 2 1
github.com/alby-tomy/gitcollect/cmd/diff.go:103.22,105.3 1 1
github.com/alby-tomy/gitcollect/cmd/diff.go:106.2,106.20 1 1
github.com/alby-tomy/gitcollect/cmd/diff.go:106.20,108.3 1 1
github.com/alby-tomy/gitcollect/cmd/diff.go:110.2,112.19 2 1
github.com/alby-tomy/gitcollect/cmd/diff.go:112.19,114.3 1 1
github.com/alby-tomy/gitcollect/cmd/diff.go:115.2,115.12 1 1
github.com/alby-tomy/gitcollect/cmd/diff.go:118.93,133.26 8 1
github.com/alby-tomy/gitcollect/cmd/diff.go:133.26,136.37 3 1
github.com/alby-tomy/gitcollect/cmd/diff.go:136.37,138.17 2 1
github.com/alby-tomy/gitcollect/cmd/diff.go:138.17,138.26 1 1
github.com/alby-tomy/gitcollect/cmd/diff.go:140.4,144.11 5 1
github.com/alby-tomy/gitcollect/cmd/diff.go:145.37,146.28 1 1
github.com/alby-tomy/gitcollect/cmd/diff.go:147.20,148.22 1 1
github.com/alby-tomy/gitcollect/cmd/diff.go:149.41,150.27 1 1
github.com/alby-tomy/gitcollect/cmd/diff.go:151.42,152.29 1 0
github.com/alby-tomy/gitcollect/cmd/diff.go:153.12,155.54 2 1
github.com/alby-tomy/gitcollect/cmd/diff.go:157.4,157.54 1 1
github.com/alby-tomy/gitcollect/cmd/diff.go:161.2,165.21 4 1
github.com/alby-tomy/gitcollect/cmd/diff.go:165.21,167.39 2 1
github.com/alby-tomy/gitcollect/cmd/diff.go:167.39,169.4 1 1
github.com/alby-tomy/gitcollect/cmd/diff.go:171.2,171.26 1 1
github.com/alby-tomy/gitcollect/cmd/diff.go:174.97,190.29 8 1
github.com/alby-tomy/gitcollect/cmd/diff.go:190.29,193.37 3 1
github.com/alby-tomy/gitcollect/cmd/diff.go:193.37,195.17 2 1
github.com/alby-tomy/gitcollect/cmd/diff.go:195.17,195.26 1 1
github.com/alby-tomy/gitcollect/cmd/diff.go:197.4,206.28 7 1
github.com/alby-tomy/gitcollect/cmd/diff.go:206.28,211.5 3 0
github.com/alby-tomy/gitcollect/cmd/diff.go:212.4,215.11 3 1
github.com/alby-tomy/gitcollect/cmd/diff.go:216.20,218.53 2 0
github.com/alby-tomy/gitcollect/cmd/diff.go:219.14,221.31 2 1
github.com/alby-tomy/gitcollect/cmd/diff.go:222.12,223.22 1 1
github.com/alby-tomy/gitcollect/cmd/diff.go:225.4,225.54 1 1
github.com/alby-tomy/gitcollect/cmd/diff.go:229.2,233.21 4 1
github.com/alby-tomy/gitcollect/cmd/diff.go:233.21,235.39 2 1
github.com/alby-tomy/gitcollect/cmd/diff.go:235.39,237.4 1 0
github.com/alby-tomy/gitcollect/cmd/diff.go:239.2,239.26 1 1
github.com/alby-tomy/gitcollect/cmd/diff.go:242.46,245.28 3 1
github.com/alby-tomy/gitcollect/cmd/diff.go:245.28,246.19 1 1
github.com/alby-tomy/gitcollect/cmd/diff.go:247.13,248.50 1 1
github.com/alby-tomy/gitcollect/cmd/diff.go:249.19,250.79 1 1
github.com/alby-tomy/gitcollect/cmd/diff.go:251.18,252.83 1 1
github.com/alby-tomy/gitcollect/cmd/diff.go:253.20,254.67 1 0
github.com/alby-tomy/gitcollect/cmd/diff.go:255.11,256.52 1 1
github.com/alby-tomy/gitcollect/cmd/diff.go:259.2,260.15 2 1
github.com/alby-tomy/gitcollect/cmd/diff.go:263.50,266.28 3 1
github.com/alby-tomy/gitcollect/cmd/diff.go:266.28,267.19 1 1
github.com/alby-tomy/gitcollect/cmd/diff.go:268.13,269.83 1 1
github.com/alby-tomy/gitcollect/cmd/diff.go:270.16,271.98 1 1
github.com/alby-tomy/gitcollect/cmd/diff.go:272.11,273.56 1 0
github.com/alby-tomy/gitcollect/cmd/diff.go:276.2,277.15 2 1
github.com/alby-tomy/gitcollect/cmd/diff.go:280.88,282.26 2 1
github.com/alby-tomy/gitcollect/cmd/diff.go:282.26,283.19 1 1
github.com/alby-tomy/gitcollect/cmd/diff.go:284.18,285.13 1 1
github.com/alby-tomy/gitcollect/cmd/diff.go:286.19,287.14 1 1
github.com/alby-tomy/gitcollect/cmd/diff.go:290.2,290.28 1 1
github.com/alby-tomy/gitcollect/cmd/diff.go:290.28,291.26 1 1
github.com/alby-tomy/gitcollect/cmd/diff.go:291.26,293.4 1 1
github.com/alby-tomy/gitcollect/cmd/diff.go:296.2,296.49 1 1
github.com/alby-tomy/gitcollect/cmd/diff.go:296.49,299.3 2 1
github.com/alby-tomy/gitcollect/cmd/diff.go:301.2,302.17 2 1
github.com/alby-tomy/gitcollect/cmd/diff.go:302.17,304.3 1 1
github.com/alby-tomy/gitcollect/cmd/diff.go:305.2,305.18 1 1
github.com/alby-tomy/gitcollect/cmd/diff.go:305.18,307.3 1 1
github.com/alby-tomy/gitcollect/cmd/diff.go:308.2,308.15 1 1
github.com/alby-tomy/gitcollect/cmd/diff.go:308.15,310.3 1 1
github.com/alby-tomy/gitcollect/cmd/diff.go:312.2,313.26 2 1
github.com/alby-tomy/gitcollect/cmd/diff.go:313.26,314.13 1 1
github.com/alby-tomy/gitcollect/cmd/diff.go:314.13,316.4 1 1
github.com/alby-tomy/gitcollect/cmd/diff.go:316.9,318.4 1 0
github.com/alby-tomy/gitcollect/cmd/diff.go:320.2,322.17 2 1
github.com/alby-tomy/gitcollect/cmd/diff.go:322.17,324.3 1 1
github.com/alby-tomy/gitcollect/cmd/find.go:32.55,36.16 3 1
github.com/alby-tomy/gitcollect/cmd/find.go:36.16,38.3 1 0
github.com/alby-tomy/gitcollect/cmd/find.go:40.2,41.29 2 1
github.com/alby-tomy/gitcollect/cmd/find.go:41.29,43.21 2 1
github.com/alby-tomy/gitcollect/cmd/find.go:43.21,44.12 1 0
github.com/alby-tomy/gitcollect/cmd/find.go:46.3,46.31 1 1
github.com/alby-tomy/gitcollect/cmd/find.go:46.31,47.26 1 1
github.com/alby-tomy/gitcollect/cmd/find.go:47.26,53.10 2 1
github.com/alby-tomy/gitcollect/cmd/find.go:58.2,58.14 1 1
github.com/alby-tomy/gitcollect/cmd/find.go:58.14,60.16 2 1
github.com/alby-tomy/gitcollect/cmd/find.go:60.16,62.4 1 1
github.com/alby-tomy/gitcollect/cmd/find.go:63.3,63.62 1 1
github.com/alby-tomy/gitcollect/cmd/find.go:66.2,66.23 1 1
github.com/alby-tomy/gitcollect/cmd/find.go:66.23,69.3 2 1
github.com/alby-tomy/gitcollect/cmd/find.go:71.2,71.28 1 1
github.com/alby-tomy/gitcollect/cmd/find.go:71.28,73.3 1 1
github.com/alby-tomy/gitcollect/cmd/find.go:74.2,74.12 1 1
github.com/alby-tomy/gitcollect/cmd/find.go:77.13,80.2 2 1
github.com/alby-tomy/gitcollect/cmd/group.go:64.13,76.2 11 1
github.com/alby-tomy/gitcollect/cmd/group.go:84.93,86.16 2 1
github.com/alby-tomy/gitcollect/cmd/group.go:86.16,88.3 1 0
github.com/alby-tomy/gitcollect/cmd/group.go:89.2,89.28 1 1
github.com/alby-tomy/gitcollect/cmd/group.go:89.28,91.3 1 1
github.com/alby-tomy/gitcollect/cmd/group.go:92.2,92.25 1 1
github.com/alby-tomy/gitcollect/cmd/group.go:95.62,100.16 4 0
github.com/alby-tomy/gitcollect/cmd/group.go:100.16,102.3 1 0
github.com/alby-tomy/gitcollect/cmd/group.go:104.2,104.47 1 0
github.com/alby-tomy/gitcollect/cmd/group.go:104.47,114.3 2 0
github.com/alby-tomy/gitcollect/cmd/group.go:116.2,127.12 4 0
github.com/alby-tomy/gitcollect/cmd/group.go:130.62,135.16 4 0
github.com/alby-tomy/gitcollect/cmd/group.go:135.16,137.3 1 0
github.com/alby-tomy/gitcollect/cmd/group.go:139.2,140.29 2 0
github.com/alby-tomy/gitcollect/cmd/group.go:140.29,142.3 1 0
github.com/alby-tomy/gitcollect/cmd/group.go:144.2,144.47 1 0
github.com/alby-tomy/gitcollect/cmd/group.go:144.47,153.47 2 0
github.com/alby-tomy/gitcollect/cmd/group.go:153.47,157.4 3 0
github.com/alby-tomy/gitcollect/cmd/group.go:158.3,158.45 1 0
github.com/alby-tomy/gitcollect/cmd/group.go:161.2,171.12 3 0
github.com/alby-tomy/gitcollect/cmd/group.go:174.59,180.16 5 1
github.com/alby-tomy/gitcollect/cmd/group.go:180.16,182.3 1 0
github.com/alby-tomy/gitcollect/cmd/group.go:184.2,184.42 1 1
github.com/alby-tomy/gitcollect/cmd/group.go:184.42,185.29 1 1
github.com/alby-tomy/gitcollect/cmd/group.go:185.29,186.61 1 1
github.com/alby-tomy/gitcollect/cmd/group.go:186.61,191.5 1 1
github.com/alby-tomy/gitcollect/cmd/group.go:193.3,193.107 1 1
github.com/alby-tomy/gitcollect/cmd/group.go:196.2,197.37 2 1
github.com/alby-tomy/gitcollect/cmd/group.go:197.37,198.83 1 1
github.com/alby-tomy/gitcollect/cmd/group.go:198.83,200.4 1 0
github.com/alby-tomy/gitcollect/cmd/group.go:203.2,203.21 1 1
github.com/alby-tomy/gitcollect/cmd/group.go:203.21,205.3 1 0
github.com/alby-tomy/gitcollect/cmd/group.go:206.2,206.12 1 1
github.com/alby-tomy/gitcollect/cmd/group.go:213.111,214.64 1 1
github.com/alby-tomy/gitcollect/cmd/group.go:214.64,223.46 2 1
github.com/alby-tomy/gitcollect/cmd/group.go:223.46,227.4 3 1
github.com/alby-tomy/gitcollect/cmd/group.go:228.3,228.13 1 1
github.com/alby-tomy/gitcollect/cmd/group.go:231.2,241.12 3 1
github.com/alby-tomy/gitcollect/cmd/group.go:244.62,250.16 5 1
github.com/alby-tomy/gitcollect/cmd/group.go:250.16,252.3 1 0
github.com/alby-tomy/gitcollect/cmd/group.go:254.2,254.42 1 1
github.com/alby-tomy/gitcollect/cmd/group.go:254.42,255.29 1 1
github.com/alby-tomy/gitcollect/cmd/group.go:255.29,256.61 1 1
github.com/alby-tomy/gitcollect/cmd/group.go:256.61,261.5 1 1
github.com/alby-tomy/gitcollect/cmd/group.go:263.3,263.110 1 0
github.com/alby-tomy/gitcollect/cmd/group.go:266.2,266.69 1 1
github.com/alby-tomy/gitcollect/cmd/group.go:266.69,276.3 2 0
github.com/alby-tomy/gitcollect/cmd/group.go:278.2,288.12 3 1
github.com/alby-tomy/gitcollect/cmd/group.go:291.60,295.16 3 0
github.com/alby-tomy/gitcollect/cmd/group.go:295.16,297.3 1 0
github.com/alby-tomy/gitcollect/cmd/group.go:299.2,299.26 1 0
github.com/alby-tomy/gitcollect/cmd/group.go:299.26,302.3 2 0
github.com/alby-tomy/gitcollect/cmd/group.go:304.2,305.37 2 0
github.com/alby-tomy/gitcollect/cmd/group.go:305.37,307.19 2 0
github.com/alby-tomy/gitcollect/cmd/group.go:307.19,309.4 1 0
github.com/alby-tomy/gitcollect/cmd/group.go:310.3,310.80 1 0
github.com/alby-tomy/gitcollect/cmd/group.go:312.2,313.12 2 0
github.com/alby-tomy/gitcollect/cmd/group.go:316.60,321.16 4 0
github.com/alby-tomy/gitcollect/cmd/group.go:321.16,323.3 1 0
github.com/alby-tomy/gitcollect/cmd/group.go:325.2,326.9 2 0
github.com/alby-tomy/gitcollect/cmd/group.go:326.9,328.3 1 0
github.com/alby-tomy/gitcollect/cmd/group.go:330.2,332.18 3 0
github.com/alby-tomy/gitcollect/cmd/group.go:332.18,335.45 3 0
github.com/alby-tomy/gitcollect/cmd/group.go:335.45,337.4 1 0
github.com/alby-tomy/gitcollect/cmd/group.go:338.3,338.41 1 0
github.com/alby-tomy/gitcollect/cmd/group.go:341.2,342.30 2 0
github.com/alby-tomy/gitcollect/cmd/group.go:342.30,343.30 1 0
github.com/alby-tomy/gitcollect/cmd/group.go:343.30,344.18 1 0
github.com/alby-tomy/gitcollect/cmd/group.go:344.18,346.10 2 0
github.com/alby-tomy/gitcollect/cmd/group.go:350.2,351.26 2 0
github.com/alby-tomy/gitcollect/cmd/group.go:351.26,354.3 2 0
github.com/alby-tomy/gitcollect/cmd/group.go:355.2,356.12 2 0
github.com/alby-tomy/gitcollect/cmd/group.go:387.64,393.16 5 1
github.com/alby-tomy/gitcollect/cmd/group.go:393.16,395.3 1 0
github.com/alby-tomy/gitcollect/cmd/group.go:396.2,396.28 1 1
github.com/alby-tomy/gitcollect/cmd/group.go:396.28,398.3 1 1
github.com/alby-tomy/gitcollect/cmd/group.go:399.2,399.29 1 1
github.com/alby-tomy/gitcollect/cmd/group.go:399.29,401.3 1 1
github.com/alby-tomy/gitcollect/cmd/group.go:402.2,402.37 1 1
github.com/alby-tomy/gitcollect/cmd/group.go:402.37,404.3 1 1
github.com/alby-tomy/gitcollect/cmd/group.go:406.2,407.16 2 1
github.com/alby-tomy/gitcollect/cmd/group.go:407.16,409.3 1 0
github.com/alby-tomy/gitcollect/cmd/group.go:410.2,410.28 1 1
github.com/alby-tomy/gitcollect/cmd/group.go:410.28,415.3 1 1
github.com/alby-tomy/gitcollect/cmd/group.go:416.2,416.44 1 1
github.com/alby-tomy/gitcollect/cmd/group.go:416.44,417.20 1 1
github.com/alby-tomy/gitcollect/cmd/group.go:417.20,420.4 2 0
github.com/alby-tomy/gitcollect/cmd/group.go:422.2,422.28 1 1
github.com/alby-tomy/gitcollect/cmd/group.go:422.28,424.3 1 0
github.com/alby-tomy/gitcollect/cmd/group.go:425.2,428.35 3 1
github.com/alby-tomy/gitcollect/cmd/group.go:428.35,430.3 1 0
github.com/alby-tomy/gitcollect/cmd/group.go:432.2,442.12 3 1
github.com/alby-tomy/gitcollect/cmd/group.go:445.67,451.16 5 1
github.com/alby-tomy/gitcollect/cmd/group.go:451.16,453.3 1 0
github.com/alby-tomy/gitcollect/cmd/group.go:455.2,456.16 2 1
github.com/alby-tomy/gitcollect/cmd/group.go:456.16,458.3 1 0
github.com/alby-tomy/gitcollect/cmd/group.go:461.2,461.51 1 1
github.com/alby-tomy/gitcollect/cmd/group.go:461.51,463.3 1 1
github.com/alby-tomy/gitcollect/cmd/group.go:465.2,467.33 3 1
github.com/alby-tomy/gitcollect/cmd/group.go:467.33,469.3 1 1
github.com/alby-tomy/gitcollect/cmd/group.go:470.2,470.23 1 1
github.com/alby-tomy/gitcollect/cmd/group.go:470.23,472.3 1 1
github.com/alby-tomy/gitcollect/cmd/group.go:472.8,474.3 1 0
github.com/alby-tomy/gitcollect/cmd/group.go:476.2,476.35 1 1
github.com/alby-tomy/gitcollect/cmd/group.go:476.35,478.3 1 0
github.com/alby-tomy/gitcollect/cmd/group.go:480.2,490.12 3 1
github.com/alby-tomy/gitcollect/cmd/group.go:493.65,497.16 3 1
github.com/alby-tomy/gitcollect/cmd/group.go:497.16,499.3 1 0
github.com/alby-tomy/gitcollect/cmd/group.go:501.2,501.29 1 1
github.com/alby-tomy/gitcollect/cmd/group.go:501.29,505.3 3 1
github.com/alby-tomy/gitcollect/cmd/group.go:506.2,506.31 1 1
github.com/alby-tomy/gitcollect/cmd/group.go:506.31,510.3 3 0
github.com/alby-tomy/gitcollect/cmd/group.go:512.2,513.33 2 1
github.com/alby-tomy/gitcollect/cmd/group.go:513.33,515.3 1 1
github.com/alby-tomy/gitcollect/cmd/group.go:516.2,519.31 3 1
github.com/alby-tomy/gitcollect/cmd/group.go:519.31,520.41 1 1
github.com/alby-tomy/gitcollect/cmd/group.go:520.41,522.19 2 1
github.com/alby-tomy/gitcollect/cmd/group.go:522.19,524.5 1 0
github.com/alby-tomy/gitcollect/cmd/group.go:525.4,525.43 1 1
github.com/alby-tomy/gitcollect/cmd/group.go:528.2,529.12 2 1
github.com/alby-tomy/gitcollect/cmd/import.go:44.13,56.2 11 1
github.com/alby-tomy/gitcollect/cmd/import.go:61.49,63.16 2 1
github.com/alby-tomy/gitcollect/cmd/import.go:63.16,65.3 1 0
github.com/alby-tomy/gitcollect/cmd/import.go:67.2,68.27 2 1
github.com/alby-tomy/gitcollect/cmd/import.go:68.27,70.3 1 1
github.com/alby-tomy/gitcollect/cmd/import.go:72.2,73.27 2 1
github.com/alby-tomy/gitcollect/cmd/import.go:73.27,75.3 1 1
github.com/alby-tomy/gitcollect/cmd/import.go:76.2,76.51 1 1
github.com/alby-tomy/gitcollect/cmd/import.go:76.51,78.3 1 0
github.com/alby-tomy/gitcollect/cmd/import.go:80.2,80.22 1 1
github.com/alby-tomy/gitcollect/cmd/import.go:80.22,88.3 1 1
github.com/alby-tomy/gitcollect/cmd/import.go:89.2,89.12 1 1
github.com/alby-tomy/gitcollect/cmd/import.go:96.68,97.39 1 1
github.com/alby-tomy/gitcollect/cmd/import.go:97.39,99.3 1 1
github.com/alby-tomy/gitcollect/cmd/import.go:100.2,100.18 1 1
github.com/alby-tomy/gitcollect/cmd/import.go:119.35,122.49 3 1
github.com/alby-tomy/gitcollect/cmd/import.go:122.49,125.3 2 1
github.com/alby-tomy/gitcollect/cmd/import.go:127.2,129.28 3 1
github.com/alby-tomy/gitcollect/cmd/import.go:129.28,131.3 1 1
github.com/alby-tomy/gitcollect/cmd/import.go:133.2,134.28 2 1
github.com/alby-tomy/gitcollect/cmd/import.go:134.28,135.22 1 1
github.com/alby-tomy/gitcollect/cmd/import.go:135.22,137.4 1 1
github.com/alby-tomy/gitcollect/cmd/import.go:139.2,139.22 1 1
github.com/alby-tomy/gitcollect/cmd/import.go:139.22,141.3 1 0
github.com/alby-tomy/gitcollect/cmd/import.go:143.2,144.26 2 1
github.com/alby-tomy/gitcollect/cmd/import.go:144.26,150.3 1 1
github.com/alby-tomy/gitcollect/cmd/import.go:151.2,151.23 1 1
github.com/alby-tomy/gitcollect/cmd/import.go:151.23,153.3 1 1
github.com/alby-tomy/gitcollect/cmd/import.go:155.2,173.28 4 1
github.com/alby-tomy/gitcollect/cmd/import.go:187.116,188.21 1 1
github.com/alby-tomy/gitcollect/cmd/import.go:188.21,190.3 1 1
github.com/alby-tomy/gitcollect/cmd/import.go:191.2,191.24 1 1
github.com/alby-tomy/gitcollect/cmd/import.go:191.24,193.3 1 1
github.com/alby-tomy/gitcollect/cmd/import.go:194.2,194.17 1 1
github.com/alby-tomy/gitcollect/cmd/import.go:194.17,196.3 1 1
github.com/alby-tomy/gitcollect/cmd/import.go:199.2,209.52 9 0
github.com/alby-tomy/gitcollect/cmd/import.go:210.24,211.21 1 0
github.com/alby-tomy/gitcollect/cmd/import.go:212.19,213.16 1 0
github.com/alby-tomy/gitcollect/cmd/import.go:214.10,215.17 1 0
github.com/alby-tomy/gitcollect/cmd/import.go:221.66,223.37 2 1
github.com/alby-tomy/gitcollect/cmd/import.go:223.37,225.3 1 1
github.com/alby-tomy/gitcollect/cmd/import.go:226.2,226.37 1 1
github.com/alby-tomy/gitcollect/cmd/import.go:226.37,227.20 1 1
github.com/alby-tomy/gitcollect/cmd/import.go:227.20,229.4 1 1
github.com/alby-tomy/gitcollect/cmd/import.go:232.2,233.35 2 1
github.com/alby-tomy/gitcollect/cmd/import.go:233.35,235.3 1 1
github.com/alby-tomy/gitcollect/cmd/import.go:236.2,236.35 1 1
github.com/alby-tomy/gitcollect/cmd/import.go:236.35,237.23 1 1
github.com/alby-tomy/gitcollect/cmd/import.go:237.23,239.4 1 1
github.com/alby-tomy/gitcollect/cmd/import.go:242.2,242.28 1 1
github.com/alby-tomy/gitcollect/cmd/import.go:242.28,244.3 1 0
github.com/alby-tomy/gitcollect/cmd/import.go:245.2,245.41 1 1
github.com/alby-tomy/gitcollect/cmd/import.go:245.41,246.32 1 1
github.com/alby-tomy/gitcollect/cmd/import.go:246.32,248.4 1 1
github.com/alby-tomy/gitcollect/cmd/import.go:252.52,253.22 1 1
github.com/alby-tomy/gitcollect/cmd/import.go:253.22,255.3 1 0
github.com/alby-tomy/gitcollect/cmd/import.go:256.2,256.21 1 1
github.com/alby-tomy/gitcollect/cmd/import.go:256.21,258.3 1 0
github.com/alby-tomy/gitcollect/cmd/import.go:259.2,259.43 1 1
github.com/alby-tomy/gitcollect/cmd/import.go:259.43,261.3 1 0
github.com/alby-tomy/gitcollect/cmd/import.go:263.2,264.37 2 1
github.com/alby-tomy/gitcollect/cmd/import.go:265.16,266.22 1 1
github.com/alby-tomy/gitcollect/cmd/import.go:267.16,268.22 1 0
github.com/alby-tomy/gitcollect/cmd/import.go:269.10,270.98 1 0
github.com/alby-tomy/gitcollect/cmd/import.go:273.2,274.16 2 1
github.com/alby-tomy/gitcollect/cmd/import.go:274.16,276.3 1 0
github.com/alby-tomy/gitcollect/cmd/import.go:277.2,278.16 2 1
github.com/alby-tomy/gitcollect/cmd/import.go:278.16,280.3 1 0
github.com/alby-tomy/gitcollect/cmd/import.go:282.2,285.32 3 1
github.com/alby-tomy/gitcollect/cmd/import.go:285.32,286.51 1 1
github.com/alby-tomy/gitcollect/cmd/import.go:286.51,288.4 1 1
github.com/alby-tomy/gitcollect/cmd/import.go:289.3,290.65 2 1
github.com/alby-tomy/gitcollect/cmd/import.go:293.2,296.16 3 1
github.com/alby-tomy/gitcollect/cmd/import.go:296.16,298.3 1 0
github.com/alby-tomy/gitcollect/cmd/import.go:301.2,302.22 2 1
github.com/alby-tomy/gitcollect/cmd/import.go:302.22,303.30 1 1
github.com/alby-tomy/gitcollect/cmd/import.go:303.30,304.28 1 1
github.com/alby-tomy/gitcollect/cmd/import.go:304.28,306.10 2 1
github.com/alby-tomy/gitcollect/cmd/import.go:309.3,309.22 1 1
github.com/alby-tomy/gitcollect/cmd/import.go:309.22,311.4 1 0
github.com/alby-tomy/gitcollect/cmd/import.go:312.8,314.3 1 1
github.com/alby-tomy/gitcollect/cmd/import.go:316.2,324.27 6 1
github.com/alby-tomy/gitcollect/cmd/import.go:324.27,326.3 1 1
github.com/alby-tomy/gitcollect/cmd/import.go:328.2,328.29 1 1
github.com/alby-tomy/gitcollect/cmd/import.go:328.29,330.37 2 1
github.com/alby-tomy/gitcollect/cmd/import.go:330.37,333.17 3 1
github.com/alby-tomy/gitcollect/cmd/import.go:333.17,333.26 1 1
github.com/alby-tomy/gitcollect/cmd/import.go:335.4,338.18 3 1
github.com/alby-tomy/gitcollect/cmd/import.go:338.18,341.5 2 0
github.com/alby-tomy/gitcollect/cmd/import.go:342.4,343.18 2 1
github.com/alby-tomy/gitcollect/cmd/import.go:343.18,346.5 2 0
github.com/alby-tomy/gitcollect/cmd/import.go:347.4,348.18 2 1
github.com/alby-tomy/gitcollect/cmd/import.go:348.18,351.5 2 0
github.com/alby-tomy/gitcollect/cmd/import.go:353.4,358.73 2 1
github.com/alby-tomy/gitcollect/cmd/import.go:361.2,366.28 4 1
github.com/alby-tomy/gitcollect/cmd/import.go:366.28,367.19 1 1
github.com/alby-tomy/gitcollect/cmd/import.go:367.19,369.36 2 1
github.com/alby-tomy/gitcollect/cmd/import.go:369.36,371.5 1 1
github.com/alby-tomy/gitcollect/cmd/import.go:372.4,372.34 1 1
github.com/alby-tomy/gitcollect/cmd/import.go:375.2,377.22 2 1
github.com/alby-tomy/gitcollect/cmd/import.go:377.22,380.3 2 1
github.com/alby-tomy/gitcollect/cmd/import.go:382.2,382.18 1 1
github.com/alby-tomy/gitcollect/cmd/import.go:382.18,384.29 2 1
github.com/alby-tomy/gitcollect/cmd/import.go:384.29,385.20 1 1
github.com/alby-tomy/gitcollect/cmd/import.go:385.20,387.13 2 0
github.com/alby-tomy/gitcollect/cmd/import.go:389.4,391.62 2 1
github.com/alby-tomy/gitcollect/cmd/import.go:393.3,396.13 4 1
github.com/alby-tomy/gitcollect/cmd/import.go:400.2,400.22 1 1
github.com/alby-tomy/gitcollect/cmd/import.go:400.22,402.3 1 1
github.com/alby-tomy/gitcollect/cmd/import.go:404.2,405.30 2 1
github.com/alby-tomy/gitcollect/cmd/import.go:405.30,406.19 1 1
github.com/alby-tomy/gitcollect/cmd/import.go:406.19,409.12 3 0
github.com/alby-tomy/gitcollect/cmd/import.go:412.3,415.17 3 1
github.com/alby-tomy/gitcollect/cmd/import.go:415.17,418.12 3 0
github.com/alby-tomy/gitcollect/cmd/import.go:421.3,421.13 1 1
github.com/alby-tomy/gitcollect/cmd/import.go:421.13,423.22 2 1
github.com/alby-tomy/gitcollect/cmd/import.go:423.22,426.13 3 0
github.com/alby-tomy/gitcollect/cmd/import.go:429.4,430.18 2 1
github.com/alby-tomy/gitcollect/cmd/import.go:431.16,434.13 3 1
github.com/alby-tomy/gitcollect/cmd/import.go:435.21,437.48 2 1
github.com/alby-tomy/gitcollect/cmd/import.go:437.48,440.14 3 0
github.com/alby-tomy/gitcollect/cmd/import.go:442.17,444.51 2 1
github.com/alby-tomy/gitcollect/cmd/import.go:444.51,447.14 3 0
github.com/alby-tomy/gitcollect/cmd/import.go:450.9,451.47 1 1
github.com/alby-tomy/gitcollect/cmd/import.go:451.47,454.13 3 0
github.com/alby-tomy/gitcollect/cmd/import.go:458.3,458.21 1 1
github.com/alby-tomy/gitcollect/cmd/import.go:458.21,461.4 1 1
github.com/alby-tomy/gitcollect/cmd/import.go:462.3,471.5 2 1
github.com/alby-tomy/gitcollect/cmd/import.go:474.2,475.39 2 1
github.com/alby-tomy/gitcollect/cmd/import.go:475.39,482.3 6 1
github.com/alby-tomy/gitcollect/cmd/import.go:482.8,484.18 2 1
github.com/alby-tomy/gitcollect/cmd/import.go:484.18,486.4 1 1
github.com/alby-tomy/gitcollect/cmd/import.go:487.3,487.17 1 1
github.com/alby-tomy/gitcollect/cmd/import.go:487.17,489.4 1 0
github.com/alby-tomy/gitcollect/cmd/import.go:490.3,493.64 4 1
github.com/alby-tomy/gitcollect/cmd/import.go:496.2,498.22 3 1
github.com/alby-tomy/gitcollect/cmd/import.go:498.22,500.3 1 1
github.com/alby-tomy/gitcollect/cmd/import.go:500.8,500.29 1 1
github.com/alby-tomy/gitcollect/cmd/import.go:500.29,502.3 1 1
github.com/alby-tomy/gitcollect/cmd/import.go:503.2,505.16 2 1
github.com/alby-tomy/gitcollect/cmd/import.go:505.16,507.3 1 0
github.com/alby-tomy/gitcollect/cmd/import.go:508.2,508.12 1 1
github.com/alby-tomy/gitcollect/cmd/init.go:28.13,34.2 5 1
github.com/alby-tomy/gitcollect/cmd/init.go:36.55,38.64 2 0
github.com/alby-tomy/gitcollect/cmd/init.go:38.64,40.3 1 0
github.com/alby-tomy/gitcollect/cmd/init.go:42.2,43.16 2 0
github.com/alby-tomy/gitcollect/cmd/init.go:43.16,45.3 1 0
github.com/alby-tomy/gitcollect/cmd/init.go:46.2,46.12 1 0
github.com/alby-tomy/gitcollect/cmd/init.go:46.12,48.3 1 0
github.com/alby-tomy/gitcollect/cmd/init.go:50.2,51.16 2 0
github.com/alby-tomy/gitcollect/cmd/init.go:51.16,53.3 1 0
github.com/alby-tomy/gitcollect/cmd/init.go:54.2,55.16 2 0
github.com/alby-tomy/gitcollect/cmd/init.go:55.16,57.3 1 0
github.com/alby-tomy/gitcollect/cmd/init.go:59.2,60.16 2 0
github.com/alby-tomy/gitcollect/cmd/init.go:60.16,62.3 1 0
github.com/alby-tomy/gitcollect/cmd/init.go:64.2,65.16 2 0
github.com/alby-tomy/gitcollect/cmd/init.go:65.16,67.3 1 0
github.com/alby-tomy/gitcollect/cmd/init.go:68.2,71.35 3 0
github.com/alby-tomy/gitcollect/cmd/init.go:71.35,81.3 2 0
github.com/alby-tomy/gitcollect/cmd/init.go:83.2,94.80 3 0
github.com/alby-tomy/gitcollect/cmd/init.go:94.80,96.44 2 0
github.com/alby-tomy/gitcollect/cmd/init.go:96.44,99.4 2 0
github.com/alby-tomy/gitcollect/cmd/init.go:99.9,111.4 4 0
github.com/alby-tomy/gitcollect/cmd/init.go:112.8,114.3 1 0
github.com/alby-tomy/gitcollect/cmd/init.go:115.2,115.12 1 0
github.com/alby-tomy/gitcollect/cmd/inspect.go:28.13,33.2 4 1
github.com/alby-tomy/gitcollect/cmd/inspect.go:35.58,38.44 2 0
github.com/alby-tomy/gitcollect/cmd/inspect.go:38.44,40.3 1 0
github.com/alby-tomy/gitcollect/cmd/inspect.go:42.2,43.16 2 0
github.com/alby-tomy/gitcollect/cmd/inspect.go:43.16,45.3 1 0
github.com/alby-tomy/gitcollect/cmd/inspect.go:47.2,47.9 1 0
github.com/alby-tomy/gitcollect/cmd/inspect.go:48.25,56.17 2 0
github.com/alby-tomy/gitcollect/cmd/inspect.go:56.17,58.4 1 0
github.com/alby-tomy/gitcollect/cmd/inspect.go:59.3,59.49 1 0
github.com/alby-tomy/gitcollect/cmd/inspect.go:60.25,61.41 1 0
github.com/alby-tomy/gitcollect/cmd/inspect.go:62.10,63.28 1 0
github.com/alby-tomy/gitcollect/cmd/inspect.go:78.90,80.16 2 0
github.com/alby-tomy/gitcollect/cmd/inspect.go:80.16,82.3 1 0
github.com/alby-tomy/gitcollect/cmd/inspect.go:84.2,86.17 2 0
github.com/alby-tomy/gitcollect/cmd/inspect.go:86.17,95.3 1 0
github.com/alby-tomy/gitcollect/cmd/inspect.go:97.2,98.27 2 0
github.com/alby-tomy/gitcollect/cmd/inspect.go:98.27,100.3 1 0
github.com/alby-tomy/gitcollect/cmd/inspect.go:101.2,102.18 2 0
github.com/alby-tomy/gitcollect/cmd/inspect.go:102.18,104.3 1 0
github.com/alby-tomy/gitcollect/cmd/inspect.go:106.2,114.28 8 0
github.com/alby-tomy/gitcollect/cmd/inspect.go:114.28,116.18 2 0
github.com/alby-tomy/gitcollect/cmd/inspect.go:116.18,118.4 1 0
github.com/alby-tomy/gitcollect/cmd/inspect.go:118.9,118.28 1 0
github.com/alby-tomy/gitcollect/cmd/inspect.go:118.28,120.4 1 0
github.com/alby-tomy/gitcollect/cmd/inspect.go:121.3,121.60 1 0
github.com/alby-tomy/gitcollect/cmd/inspect.go:123.2,125.20 2 0
github.com/alby-tomy/gitcollect/cmd/inspect.go:125.20,128.27 3 0
github.com/alby-tomy/gitcollect/cmd/inspect.go:128.27,130.4 1 0
github.com/alby-tomy/gitcollect/cmd/inspect.go:132.2,132.12 1 0
github.com/alby-tomy/gitcollect/cmd/inspect.go:143.71,145.12 2 0
github.com/alby-tomy/gitcollect/cmd/inspect.go:145.12,147.3 1 0
github.com/alby-tomy/gitcollect/cmd/inspect.go:149.2,151.17 2 0
github.com/alby-tomy/gitcollect/cmd/inspect.go:151.17,159.3 1 0
github.com/alby-tomy/gitcollect/cmd/inspect.go:161.2,167.28 6 0
github.com/alby-tomy/gitcollect/cmd/inspect.go:167.28,169.18 2 0
github.com/alby-tomy/gitcollect/cmd/inspect.go:169.18,171.4 1 0
github.com/alby-tomy/gitcollect/cmd/inspect.go:171.9,171.28 1 0
github.com/alby-tomy/gitcollect/cmd/inspect.go:171.28,173.4 1 0
github.com/alby-tomy/gitcollect/cmd/inspect.go:174.3,174.60 1 0
github.com/alby-tomy/gitcollect/cmd/inspect.go:176.2,178.20 2 0
github.com/alby-tomy/gitcollect/cmd/inspect.go:178.20,181.27 3 0
github.com/alby-tomy/gitcollect/cmd/inspect.go:181.27,183.4 1 0
github.com/alby-tomy/gitcollect/cmd/inspect.go:185.2,185.12 1 0
github.com/alby-tomy/gitcollect/cmd/inspect.go:194.54,197.17 2 0
github.com/alby-tomy/gitcollect/cmd/inspect.go:197.17,203.3 1 0
github.com/alby-tomy/gitcollect/cmd/inspect.go:205.2,210.56 5 0
github.com/alby-tomy/gitcollect/cmd/inspect.go:210.56,213.3 2 0
github.com/alby-tomy/gitcollect/cmd/inspect.go:215.2,217.40 3 0
github.com/alby-tomy/gitcollect/cmd/inspect.go:217.40,220.31 3 0
github.com/alby-tomy/gitcollect/cmd/inspect.go:220.31,221.25 1 0
github.com/alby-tomy/gitcollect/cmd/inspect.go:221.25,223.5 1 0
github.com/alby-tomy/gitcollect/cmd/inspect.go:223.10,225.5 1 0
github.com/alby-tomy/gitcollect/cmd/inspect.go:227.3,227.27 1 0
github.com/alby-tomy/gitcollect/cmd/inspect.go:229.2,230.12 2 0
github.com/alby-tomy/gitcollect/cmd/join.go:39.13,47.2 7 1
github.com/alby-tomy/gitcollect/cmd/join.go:49.50,50.19 1 1
github.com/alby-tomy/gitcollect/cmd/join.go:50.19,52.3 1 1
github.com/alby-tomy/gitcollect/cmd/join.go:53.2,53.20 1 1
github.com/alby-tomy/gitcollect/cmd/join.go:53.20,55.3 1 1
github.com/alby-tomy/gitcollect/cmd/join.go:57.2,58.26 2 1
github.com/alby-tomy/gitcollect/cmd/join.go:58.26,60.3 1 0
github.com/alby-tomy/gitcollect/cmd/join.go:62.2,63.16 2 1
github.com/alby-tomy/gitcollect/cmd/join.go:63.16,65.3 1 0
github.com/alby-tomy/gitcollect/cmd/join.go:66.2,67.16 2 1
github.com/alby-tomy/gitcollect/cmd/join.go:67.16,69.3 1 0
github.com/alby-tomy/gitcollect/cmd/join.go:71.2,78.20 5 1
github.com/alby-tomy/gitcollect/cmd/join.go:78.20,80.46 1 1
github.com/alby-tomy/gitcollect/cmd/join.go:80.46,82.4 1 0
github.com/alby-tomy/gitcollect/cmd/join.go:83.3,85.17 3 1
github.com/alby-tomy/gitcollect/cmd/join.go:85.17,87.4 1 0
github.com/alby-tomy/gitcollect/cmd/join.go:88.3,90.60 2 1
github.com/alby-tomy/gitcollect/cmd/join.go:90.60,92.4 1 1
github.com/alby-tomy/gitcollect/cmd/join.go:94.3,96.17 3 0
github.com/alby-tomy/gitcollect/cmd/join.go:96.17,98.4 1 0
github.com/alby-tomy/gitcollect/cmd/join.go:99.3,99.51 1 0
github.com/alby-tomy/gitcollect/cmd/join.go:99.51,101.4 1 0
github.com/alby-tomy/gitcollect/cmd/join.go:102.3,103.48 2 0
github.com/alby-tomy/gitcollect/cmd/join.go:103.48,105.4 1 0
github.com/alby-tomy/gitcollect/cmd/join.go:106.8,119.45 11 1
github.com/alby-tomy/gitcollect/cmd/join.go:119.45,121.4 1 0
github.com/alby-tomy/gitcollect/cmd/join.go:124.2,125.16 2 1
github.com/alby-tomy/gitcollect/cmd/join.go:125.16,127.3 1 0
github.com/alby-tomy/gitcollect/cmd/join.go:129.2,138.83 4 1
github.com/alby-tomy/gitcollect/cmd/join.go:138.83,139.22 1 1
github.com/alby-tomy/gitcollect/cmd/join.go:139.22,141.5 1 0
github.com/alby-tomy/gitcollect/cmd/join.go:142.4,142.24 1 1
github.com/alby-tomy/gitcollect/cmd/join.go:147.2,147.16 1 1
github.com/alby-tomy/gitcollect/cmd/join.go:147.16,152.3 4 1
github.com/alby-tomy/gitcollect/cmd/join.go:155.2,155.45 1 0
github.com/alby-tomy/gitcollect/cmd/join.go:155.45,157.3 1 0
github.com/alby-tomy/gitcollect/cmd/join.go:158.2,159.16 2 0
github.com/alby-tomy/gitcollect/cmd/join.go:159.16,161.3 1 0
github.com/alby-tomy/gitcollect/cmd/join.go:163.2,166.31 4 0
github.com/alby-tomy/gitcollect/cmd/join.go:166.31,170.54 4 0
github.com/alby-tomy/gitcollect/cmd/join.go:170.54,172.12 2 0
github.com/alby-tomy/gitcollect/cmd/join.go:174.3,174.11 1 0
github.com/alby-tomy/gitcollect/cmd/join.go:177.2,185.12 7 0
github.com/alby-tomy/gitcollect/cmd/join.go:190.74,192.16 2 1
github.com/alby-tomy/gitcollect/cmd/join.go:192.16,193.21 1 0
github.com/alby-tomy/gitcollect/cmd/join.go:193.22,193.23 0 0
github.com/alby-tomy/gitcollect/cmd/join.go:195.2,195.21 1 1
github.com/alby-tomy/gitcollect/cmd/join.go:195.21,195.42 1 1
github.com/alby-tomy/gitcollect/cmd/list.go:22.41,24.22 2 1
github.com/alby-tomy/gitcollect/cmd/list.go:24.22,26.3 1 1
github.com/alby-tomy/gitcollect/cmd/list.go:27.2,27.30 1 1
github.com/alby-tomy/gitcollect/cmd/list.go:49.13,54.2 4 1
github.com/alby-tomy/gitcollect/cmd/list.go:69.36,70.13 1 1
github.com/alby-tomy/gitcollect/cmd/list.go:70.13,72.3 1 1
github.com/alby-tomy/gitcollect/cmd/list.go:73.2,74.22 2 1
github.com/alby-tomy/gitcollect/cmd/list.go:74.22,76.3 1 1
github.com/alby-tomy/gitcollect/cmd/list.go:77.2,77.35 1 0
github.com/alby-tomy/gitcollect/cmd/list.go:80.55,81.17 1 1
github.com/alby-tomy/gitcollect/cmd/list.go:81.17,83.3 1 1
github.com/alby-tomy/gitcollect/cmd/list.go:85.2,86.16 2 1
github.com/alby-tomy/gitcollect/cmd/list.go:86.16,88.3 1 0
github.com/alby-tomy/gitcollect/cmd/list.go:92.2,95.29 3 1
github.com/alby-tomy/gitcollect/cmd/list.go:95.29,97.17 2 1
github.com/alby-tomy/gitcollect/cmd/list.go:97.17,99.12 2 0
github.com/alby-tomy/gitcollect/cmd/list.go:102.3,103.10 2 1
github.com/alby-tomy/gitcollect/cmd/list.go:103.10,104.12 1 0
github.com/alby-tomy/gitcollect/cmd/list.go:107.3,107.23 1 1
github.com/alby-tomy/gitcollect/cmd/list.go:107.23,108.69 1 0
github.com/alby-tomy/gitcollect/cmd/list.go:108.69,109.13 1 0
github.com/alby-tomy/gitcollect/cmd/list.go:111.4,111.67 1 0
github.com/alby-tomy/gitcollect/cmd/list.go:111.67,112.13 1 0
github.com/alby-tomy/gitcollect/cmd/list.go:116.3,125.5 1 1
github.com/alby-tomy/gitcollect/cmd/list.go:128.2,128.14 1 1
github.com/alby-tomy/gitcollect/cmd/list.go:128.14,130.3 1 1
github.com/alby-tomy/gitcollect/cmd/list.go:132.2,133.25 2 1
github.com/alby-tomy/gitcollect/cmd/list.go:133.25,135.26 2 1
github.com/alby-tomy/gitcollect/cmd/list.go:135.26,137.4 1 1
github.com/alby-tomy/gitcollect/cmd/list.go:138.3,138.136 1 1
github.com/alby-tomy/gitcollect/cmd/list.go:140.2,142.25 2 1
github.com/alby-tomy/gitcollect/cmd/list.go:142.25,143.22 1 1
github.com/alby-tomy/gitcollect/cmd/list.go:143.22,145.4 1 0
github.com/alby-tomy/gitcollect/cmd/list.go:147.2,147.12 1 1
github.com/alby-tomy/gitcollect/cmd/list.go:163.65,164.46 1 1
github.com/alby-tomy/gitcollect/cmd/list.go:164.46,166.29 2 1
github.com/alby-tomy/gitcollect/cmd/list.go:166.29,168.4 1 1
github.com/alby-tomy/gitcollect/cmd/list.go:169.3,169.10 1 1
github.com/alby-tomy/gitcollect/cmd/list.go:170.24,171.24 1 1
github.com/alby-tomy/gitcollect/cmd/list.go:172.25,173.25 1 1
github.com/alby-tomy/gitcollect/cmd/list.go:174.11,175.20 1 1
github.com/alby-tomy/gitcollect/cmd/list.go:179.2,180.34 2 1
github.com/alby-tomy/gitcollect/cmd/list.go:180.34,182.3 1 0
github.com/alby-tomy/gitcollect/cmd/list.go:183.2,183.9 1 1
github.com/alby-tomy/gitcollect/cmd/list.go:184.29,185.23 1 1
github.com/alby-tomy/gitcollect/cmd/list.go:186.30,187.24 1 1
github.com/alby-tomy/gitcollect/cmd/list.go:188.10,189.19 1 1
github.com/alby-tomy/gitcollect/cmd/member.go:48.13,56.2 6 1
github.com/alby-tomy/gitcollect/cmd/member.go:58.60,63.16 4 0
github.com/alby-tomy/gitcollect/cmd/member.go:63.16,65.3 1 0
github.com/alby-tomy/gitcollect/cmd/member.go:66.2,66.28 1 0
github.com/alby-tomy/gitcollect/cmd/member.go:66.28,68.3 1 0
github.com/alby-tomy/gitcollect/cmd/member.go:70.2,71.37 2 0
github.com/alby-tomy/gitcollect/cmd/member.go:71.37,72.25 1 0
github.com/alby-tomy/gitcollect/cmd/member.go:72.25,73.13 1 0
github.com/alby-tomy/gitcollect/cmd/member.go:73.13,75.5 1 0
github.com/alby-tomy/gitcollect/cmd/member.go:76.4,76.40 1 0
github.com/alby-tomy/gitcollect/cmd/member.go:78.3,78.75 1 0
github.com/alby-tomy/gitcollect/cmd/member.go:78.75,80.4 1 0
github.com/alby-tomy/gitcollect/cmd/member.go:83.2,83.21 1 0
github.com/alby-tomy/gitcollect/cmd/member.go:83.21,85.3 1 0
github.com/alby-tomy/gitcollect/cmd/member.go:86.2,86.12 1 0
github.com/alby-tomy/gitcollect/cmd/member.go:93.103,96.66 1 1
github.com/alby-tomy/gitcollect/cmd/member.go:96.66,107.3 3 1
github.com/alby-tomy/gitcollect/cmd/member.go:109.2,109.56 1 1
github.com/alby-tomy/gitcollect/cmd/member.go:109.56,119.3 2 1
github.com/alby-tomy/gitcollect/cmd/member.go:121.2,132.12 4 1
github.com/alby-tomy/gitcollect/cmd/member.go:142.91,143.25 1 1
github.com/alby-tomy/gitcollect/cmd/member.go:143.25,145.3 1 1
github.com/alby-tomy/gitcollect/cmd/member.go:149.2,153.30 4 1
github.com/alby-tomy/gitcollect/cmd/member.go:153.30,154.36 1 1
github.com/alby-tomy/gitcollect/cmd/member.go:154.36,156.4 1 1
github.com/alby-tomy/gitcollect/cmd/member.go:156.9,159.4 2 0
github.com/alby-tomy/gitcollect/cmd/member.go:162.2,163.22 2 1
github.com/alby-tomy/gitcollect/cmd/member.go:163.22,165.3 1 1
github.com/alby-tomy/gitcollect/cmd/member.go:166.2,166.28 1 1
github.com/alby-tomy/gitcollect/cmd/member.go:166.28,168.3 1 0
github.com/alby-tomy/gitcollect/cmd/member.go:169.2,169.22 1 1
github.com/alby-tomy/gitcollect/cmd/member.go:169.22,171.3 1 0
github.com/alby-tomy/gitcollect/cmd/member.go:173.2,173.54 1 1
github.com/alby-tomy/gitcollect/cmd/member.go:173.54,175.3 1 0
github.com/alby-tomy/gitcollect/cmd/member.go:182.110,184.35 2 1
github.com/alby-tomy/gitcollect/cmd/member.go:184.35,186.24 2 1
github.com/alby-tomy/gitcollect/cmd/member.go:186.24,188.4 1 1
github.com/alby-tomy/gitcollect/cmd/member.go:190.2,190.14 1 1
github.com/alby-tomy/gitcollect/cmd/member.go:195.83,197.14 2 1
github.com/alby-tomy/gitcollect/cmd/member.go:197.14,199.3 1 0
github.com/alby-tomy/gitcollect/cmd/member.go:200.2,201.30 2 1
github.com/alby-tomy/gitcollect/cmd/member.go:201.30,202.36 1 1
github.com/alby-tomy/gitcollect/cmd/member.go:202.36,204.4 1 1
github.com/alby-tomy/gitcollect/cmd/member.go:206.2,206.26 1 1
github.com/alby-tomy/gitcollect/cmd/member.go:206.26,209.3 2 1
github.com/alby-tomy/gitcollect/cmd/member.go:210.2,211.61 1 1
github.com/alby-tomy/gitcollect/cmd/member.go:214.63,219.16 4 1
github.com/alby-tomy/gitcollect/cmd/member.go:219.16,221.3 1 0
github.com/alby-tomy/gitcollect/cmd/member.go:223.2,224.39 2 1
github.com/alby-tomy/gitcollect/cmd/member.go:224.39,226.3 1 0
github.com/alby-tomy/gitcollect/cmd/member.go:227.2,227.34 1 1
github.com/alby-tomy/gitcollect/cmd/member.go:227.34,229.3 1 0
github.com/alby-tomy/gitcollect/cmd/member.go:231.2,231.67 1 1
github.com/alby-tomy/gitcollect/cmd/member.go:231.67,233.3 1 0
github.com/alby-tomy/gitcollect/cmd/member.go:235.2,237.24 2 1
github.com/alby-tomy/gitcollect/cmd/member.go:237.24,240.3 2 1
github.com/alby-tomy/gitcollect/cmd/member.go:242.2,243.29 2 0
github.com/alby-tomy/gitcollect/cmd/member.go:243.29,245.3 1 0
github.com/alby-tomy/gitcollect/cmd/member.go:247.2,247.59 1 0
github.com/alby-tomy/gitcollect/cmd/member.go:247.59,257.3 2 0
github.com/alby-tomy/gitcollect/cmd/member.go:259.2,269.12 3 0
github.com/alby-tomy/gitcollect/cmd/member.go:272.61,276.16 3 0
github.com/alby-tomy/gitcollect/cmd/member.go:276.16,278.3 1 0
github.com/alby-tomy/gitcollect/cmd/member.go:280.2,280.27 1 0
github.com/alby-tomy/gitcollect/cmd/member.go:280.27,283.3 2 0
github.com/alby-tomy/gitcollect/cmd/member.go:285.2,286.33 2 0
github.com/alby-tomy/gitcollect/cmd/member.go:286.33,289.22 3 0
github.com/alby-tomy/gitcollect/cmd/member.go:289.22,291.4 1 0
github.com/alby-tomy/gitcollect/cmd/member.go:292.3,292.59 1 0
github.com/alby-tomy/gitcollect/cmd/member.go:294.2,295.12 2 0
github.com/alby-tomy/gitcollect/cmd/member.go:302.70,304.32 2 1
github.com/alby-tomy/gitcollect/cmd/member.go:304.32,305.31 1 1
github.com/alby-tomy/gitcollect/cmd/member.go:305.31,307.4 1 1
github.com/alby-tomy/gitcollect/cmd/member.go:309.2,309.15 1 1
github.com/alby-tomy/gitcollect/cmd/move.go:26.13,29.2 2 1
github.com/alby-tomy/gitcollect/cmd/move.go:35.58,35.79 1 1
github.com/alby-tomy/gitcollect/cmd/move.go:36.58,36.79 1 1
github.com/alby-tomy/gitcollect/cmd/move.go:39.55,45.16 3 1
github.com/alby-tomy/gitcollect/cmd/move.go:45.16,47.3 1 0
github.com/alby-tomy/gitcollect/cmd/move.go:48.2,48.31 1 1
github.com/alby-tomy/gitcollect/cmd/move.go:48.31,51.3 1 1
github.com/alby-tomy/gitcollect/cmd/move.go:53.2,54.16 2 1
github.com/alby-tomy/gitcollect/cmd/move.go:54.16,56.3 1 0
github.com/alby-tomy/gitcollect/cmd/move.go:57.2,57.31 1 1
github.com/alby-tomy/gitcollect/cmd/move.go:57.31,60.3 1 0
github.com/alby-tomy/gitcollect/cmd/move.go:62.2,62.42 1 1
github.com/alby-tomy/gitcollect/cmd/move.go:62.42,64.3 1 1
github.com/alby-tomy/gitcollect/cmd/move.go:65.2,65.41 1 1
github.com/alby-tomy/gitcollect/cmd/move.go:65.41,67.3 1 1
github.com/alby-tomy/gitcollect/cmd/move.go:71.2,75.31 4 1
github.com/alby-tomy/gitcollect/cmd/move.go:75.31,76.43 1 1
github.com/alby-tomy/gitcollect/cmd/move.go:76.43,77.47 1 1
github.com/alby-tomy/gitcollect/cmd/move.go:77.47,79.5 1 1
github.com/alby-tomy/gitcollect/cmd/move.go:82.2,82.31 1 1
github.com/alby-tomy/gitcollect/cmd/move.go:82.31,83.43 1 1
github.com/alby-tomy/gitcollect/cmd/move.go:83.43,84.42 1 1
github.com/alby-tomy/gitcollect/cmd/move.go:84.42,85.48 1 1
github.com/alby-tomy/gitcollect/cmd/move.go:85.48,87.6 1 1
github.com/alby-tomy/gitcollect/cmd/move.go:91.2,91.31 1 1
github.com/alby-tomy/gitcollect/cmd/move.go:91.31,92.42 1 1
github.com/alby-tomy/gitcollect/cmd/move.go:92.42,93.47 1 1
github.com/alby-tomy/gitcollect/cmd/move.go:93.47,95.5 1 1
github.com/alby-tomy/gitcollect/cmd/move.go:101.2,103.22 3 1
github.com/alby-tomy/gitcollect/cmd/move.go:103.22,106.3 2 1
github.com/alby-tomy/gitcollect/cmd/move.go:107.2,107.21 1 1
github.com/alby-tomy/gitcollect/cmd/move.go:107.21,110.3 2 1
github.com/alby-tomy/gitcollect/cmd/move.go:111.2,111.24 1 1
github.com/alby-tomy/gitcollect/cmd/move.go:111.24,114.3 2 1
github.com/alby-tomy/gitcollect/cmd/move.go:115.2,115.66 1 1
github.com/alby-tomy/gitcollect/cmd/move.go:115.66,117.3 1 1
github.com/alby-tomy/gitcollect/cmd/move.go:118.2,120.16 2 1
github.com/alby-tomy/gitcollect/cmd/move.go:120.16,123.3 2 1
github.com/alby-tomy/gitcollect/cmd/move.go:127.2,141.86 5 1
github.com/alby-tomy/gitcollect/cmd/move.go:141.86,143.3 1 0
github.com/alby-tomy/gitcollect/cmd/move.go:143.8,143.29 1 1
github.com/alby-tomy/gitcollect/cmd/move.go:143.29,145.3 1 1
github.com/alby-tomy/gitcollect/cmd/move.go:148.2,153.31 4 1
github.com/alby-tomy/gitcollect/cmd/move.go:153.31,154.42 1 1
github.com/alby-tomy/gitcollect/cmd/move.go:154.42,155.12 1 1
github.com/alby-tomy/gitcollect/cmd/move.go:157.3,157.48 1 1
github.com/alby-tomy/gitcollect/cmd/move.go:157.48,158.12 1 0
github.com/alby-tomy/gitcollect/cmd/move.go:160.3,161.18 2 1
github.com/alby-tomy/gitcollect/cmd/move.go:161.18,162.12 1 0
github.com/alby-tomy/gitcollect/cmd/move.go:164.3,164.76 1 1
github.com/alby-tomy/gitcollect/cmd/move.go:164.76,166.4 1 0
github.com/alby-tomy/gitcollect/cmd/move.go:168.2,168.21 1 1
github.com/alby-tomy/gitcollect/cmd/move.go:168.21,170.3 1 1
github.com/alby-tomy/gitcollect/cmd/move.go:174.2,174.47 1 1
github.com/alby-tomy/gitcollect/cmd/move.go:174.47,177.3 1 1
github.com/alby-tomy/gitcollect/cmd/move.go:179.2,179.46 1 1
github.com/alby-tomy/gitcollect/cmd/move.go:179.46,183.25 3 0
github.com/alby-tomy/gitcollect/cmd/move.go:183.25,190.4 4 0
github.com/alby-tomy/gitcollect/cmd/move.go:191.3,191.100 1 0
github.com/alby-tomy/gitcollect/cmd/move.go:196.2,215.12 5 1
github.com/alby-tomy/gitcollect/cmd/move.go:219.70,220.30 1 1
github.com/alby-tomy/gitcollect/cmd/move.go:220.30,221.21 1 1
github.com/alby-tomy/gitcollect/cmd/move.go:221.21,223.4 1 1
github.com/alby-tomy/gitcollect/cmd/move.go:225.2,225.14 1 1
github.com/alby-tomy/gitcollect/cmd/move.go:229.91,231.26 2 1
github.com/alby-tomy/gitcollect/cmd/move.go:231.26,232.21 1 1
github.com/alby-tomy/gitcollect/cmd/move.go:232.21,234.4 1 1
github.com/alby-tomy/gitcollect/cmd/move.go:236.2,236.12 1 1
github.com/alby-tomy/gitcollect/cmd/move.go:240.66,243.25 3 1
github.com/alby-tomy/gitcollect/cmd/move.go:243.25,245.3 1 1
github.com/alby-tomy/gitcollect/cmd/move.go:246.2,246.10 1 1
github.com/alby-tomy/gitcollect/cmd/move.go:250.41,252.27 2 1
github.com/alby-tomy/gitcollect/cmd/move.go:252.27,253.12 1 1
github.com/alby-tomy/gitcollect/cmd/move.go:253.12,255.4 1 0
github.com/alby-tomy/gitcollect/cmd/move.go:256.3,256.14 1 1
github.com/alby-tomy/gitcollect/cmd/move.go:258.2,258.15 1 1
github.com/alby-tomy/gitcollect/cmd/publish.go:38.13,45.2 6 1
github.com/alby-tomy/gitcollect/cmd/publish.go:49.55,51.2 1 1
github.com/alby-tomy/gitcollect/cmd/publish.go:53.53,54.23 1 1
github.com/alby-tomy/gitcollect/cmd/publish.go:54.23,56.3 1 1
github.com/alby-tomy/gitcollect/cmd/publish.go:57.2,57.45 1 1
github.com/alby-tomy/gitcollect/cmd/publish.go:57.45,59.3 1 0
github.com/alby-tomy/gitcollect/cmd/publish.go:62.2,63.16 2 1
github.com/alby-tomy/gitcollect/cmd/publish.go:63.16,65.3 1 0
github.com/alby-tomy/gitcollect/cmd/publish.go:67.2,68.29 2 1
github.com/alby-tomy/gitcollect/cmd/publish.go:68.29,70.42 2 1
github.com/alby-tomy/gitcollect/cmd/publish.go:70.42,71.26 1 1
github.com/alby-tomy/gitcollect/cmd/publish.go:71.26,73.5 1 1
github.com/alby-tomy/gitcollect/cmd/publish.go:74.4,74.41 1 0
github.com/alby-tomy/gitcollect/cmd/publish.go:76.3,76.34 1 1
github.com/alby-tomy/gitcollect/cmd/publish.go:77.8,79.17 2 1
github.com/alby-tomy/gitcollect/cmd/publish.go:79.17,81.4 1 0
github.com/alby-tomy/gitcollect/cmd/publish.go:82.3,82.22 1 1
github.com/alby-tomy/gitcollect/cmd/publish.go:82.22,84.4 1 1
github.com/alby-tomy/gitcollect/cmd/publish.go:85.3,85.30 1 0
github.com/alby-tomy/gitcollect/cmd/publish.go:85.30,87.4 1 0
github.com/alby-tomy/gitcollect/cmd/publish.go:91.2,98.16 5 1
github.com/alby-tomy/gitcollect/cmd/publish.go:98.16,100.3 1 0
github.com/alby-tomy/gitcollect/cmd/publish.go:101.2,103.59 2 1
github.com/alby-tomy/gitcollect/cmd/publish.go:103.59,105.3 1 1
github.com/alby-tomy/gitcollect/cmd/publish.go:108.2,108.25 1 0
github.com/alby-tomy/gitcollect/cmd/publish.go:108.25,109.61 1 0
github.com/alby-tomy/gitcollect/cmd/publish.go:109.61,111.4 1 0
github.com/alby-tomy/gitcollect/cmd/publish.go:115.2,116.52 2 0
github.com/alby-tomy/gitcollect/cmd/publish.go:116.52,118.3 1 0
github.com/alby-tomy/gitcollect/cmd/publish.go:121.2,121.37 1 0
github.com/alby-tomy/gitcollect/cmd/publish.go:121.37,124.44 3 0
github.com/alby-tomy/gitcollect/cmd/publish.go:124.44,126.4 1 0
github.com/alby-tomy/gitcollect/cmd/publish.go:127.3,127.58 1 0
github.com/alby-tomy/gitcollect/cmd/publish.go:131.2,131.73 1 0
github.com/alby-tomy/gitcollect/cmd/publish.go:131.73,133.3 1 0
github.com/alby-tomy/gitcollect/cmd/publish.go:134.2,134.59 1 0
github.com/alby-tomy/gitcollect/cmd/publish.go:134.59,136.3 1 0
github.com/alby-tomy/gitcollect/cmd/publish.go:137.2,137.41 1 0
github.com/alby-tomy/gitcollect/cmd/publish.go:137.41,139.3 1 0
github.com/alby-tomy/gitcollect/cmd/publish.go:141.2,148.16 7 0
github.com/alby-tomy/gitcollect/cmd/publish.go:148.16,158.3 2 0
github.com/alby-tomy/gitcollect/cmd/publish.go:160.2,160.12 1 0
github.com/alby-tomy/gitcollect/cmd/publish.go:164.38,166.16 2 1
github.com/alby-tomy/gitcollect/cmd/publish.go:166.16,168.3 1 1
github.com/alby-tomy/gitcollect/cmd/publish.go:169.2,172.16 3 1
github.com/alby-tomy/gitcollect/cmd/publish.go:172.16,174.3 1 0
github.com/alby-tomy/gitcollect/cmd/publish.go:175.2,177.44 2 1
github.com/alby-tomy/gitcollect/cmd/publish.go:177.44,179.3 1 0
github.com/alby-tomy/gitcollect/cmd/publish.go:180.2,180.12 1 1
github.com/alby-tomy/gitcollect/cmd/pull.go:27.64,29.3 1 0
github.com/alby-tomy/gitcollect/cmd/pull.go:31.34,33.3 1 0
github.com/alby-tomy/gitcollect/cmd/pull.go:35.41,37.3 1 0
github.com/alby-tomy/gitcollect/cmd/pull.go:47.13,53.2 5 1
github.com/alby-tomy/gitcollect/cmd/pull.go:55.55,56.30 1 1
github.com/alby-tomy/gitcollect/cmd/pull.go:56.30,58.3 1 1
github.com/alby-tomy/gitcollect/cmd/pull.go:59.2,59.32 1 0
github.com/alby-tomy/gitcollect/cmd/pull.go:59.32,61.3 1 0
github.com/alby-tomy/gitcollect/cmd/pull.go:62.2,62.13 1 0
github.com/alby-tomy/gitcollect/cmd/pull.go:62.13,64.3 1 0
github.com/alby-tomy/gitcollect/cmd/pull.go:65.2,67.45 2 0
github.com/alby-tomy/gitcollect/cmd/pull.go:67.45,69.3 1 0
github.com/alby-tomy/gitcollect/cmd/pull.go:71.2,72.16 2 0
github.com/alby-tomy/gitcollect/cmd/pull.go:72.16,74.3 1 0
github.com/alby-tomy/gitcollect/cmd/pull.go:76.2,77.16 2 0
github.com/alby-tomy/gitcollect/cmd/pull.go:77.16,79.3 1 0
github.com/alby-tomy/gitcollect/cmd/pull.go:81.2,84.34 3 0
github.com/alby-tomy/gitcollect/cmd/pull.go:84.34,86.18 2 0
github.com/alby-tomy/gitcollect/cmd/pull.go:86.18,88.12 2 0
github.com/alby-tomy/gitcollect/cmd/pull.go:90.3,90.39 1 0
github.com/alby-tomy/gitcollect/cmd/pull.go:90.39,92.12 2 0
github.com/alby-tomy/gitcollect/cmd/pull.go:94.3,94.37 1 0
github.com/alby-tomy/gitcollect/cmd/pull.go:97.2,98.22 2 0
github.com/alby-tomy/gitcollect/cmd/pull.go:98.22,101.3 2 0
github.com/alby-tomy/gitcollect/cmd/pull.go:103.2,104.21 2 0
github.com/alby-tomy/gitcollect/cmd/pull.go:104.21,106.28 2 0
github.com/alby-tomy/gitcollect/cmd/pull.go:106.28,108.4 1 0
github.com/alby-tomy/gitcollect/cmd/pull.go:109.3,109.63 1 0
github.com/alby-tomy/gitcollect/cmd/pull.go:112.2,112.15 1 0
github.com/alby-tomy/gitcollect/cmd/pull.go:112.15,113.61 1 0
github.com/alby-tomy/gitcollect/cmd/pull.go:113.61,115.4 1 0
github.com/alby-tomy/gitcollect/cmd/pull.go:118.2,118.16 1 0
github.com/alby-tomy/gitcollect/cmd/pull.go:123.39,125.16 2 1
github.com/alby-tomy/gitcollect/cmd/pull.go:125.16,127.3 1 0
github.com/alby-tomy/gitcollect/cmd/pull.go:128.2,128.21 1 1
github.com/alby-tomy/gitcollect/cmd/pull.go:128.21,131.3 2 1
github.com/alby-tomy/gitcollect/cmd/pull.go:133.2,134.29 2 1
github.com/alby-tomy/gitcollect/cmd/pull.go:134.29,136.17 2 1
github.com/alby-tomy/gitcollect/cmd/pull.go:136.17,138.12 2 1
github.com/alby-tomy/gitcollect/cmd/pull.go:140.3,143.17 3 1
github.com/alby-tomy/gitcollect/cmd/pull.go:143.17,146.12 3 0
github.com/alby-tomy/gitcollect/cmd/pull.go:148.3,151.35 3 1
github.com/alby-tomy/gitcollect/cmd/pull.go:151.35,153.19 2 1
github.com/alby-tomy/gitcollect/cmd/pull.go:153.19,155.13 2 1
github.com/alby-tomy/gitcollect/cmd/pull.go:157.4,157.40 1 0
github.com/alby-tomy/gitcollect/cmd/pull.go:157.40,159.13 2 0
github.com/alby-tomy/gitcollect/cmd/pull.go:161.4,161.38 1 0
github.com/alby-tomy/gitcollect/cmd/pull.go:164.3,165.23 2 1
github.com/alby-tomy/gitcollect/cmd/pull.go:165.23,167.4 1 1
github.com/alby-tomy/gitcollect/cmd/pull.go:168.3,168.22 1 1
github.com/alby-tomy/gitcollect/cmd/pull.go:168.22,171.4 2 0
github.com/alby-tomy/gitcollect/cmd/pull.go:174.2,174.15 1 1
github.com/alby-tomy/gitcollect/cmd/pull.go:174.15,176.3 1 0
github.com/alby-tomy/gitcollect/cmd/pull.go:177.2,177.12 1 1
github.com/alby-tomy/gitcollect/cmd/pull.go:183.78,185.16 2 1
github.com/alby-tomy/gitcollect/cmd/pull.go:185.16,187.3 1 0
github.com/alby-tomy/gitcollect/cmd/pull.go:189.2,192.30 3 1
github.com/alby-tomy/gitcollect/cmd/pull.go:192.30,194.3 1 1
github.com/alby-tomy/gitcollect/cmd/pull.go:196.2,197.32 2 1
github.com/alby-tomy/gitcollect/cmd/pull.go:197.32,198.21 1 1
github.com/alby-tomy/gitcollect/cmd/pull.go:198.21,199.12 1 0
github.com/alby-tomy/gitcollect/cmd/pull.go:201.3,203.21 3 1
github.com/alby-tomy/gitcollect/cmd/pull.go:203.21,204.12 1 1
github.com/alby-tomy/gitcollect/cmd/pull.go:206.3,207.22 2 1
github.com/alby-tomy/gitcollect/cmd/pull.go:207.22,208.12 1 0
github.com/alby-tomy/gitcollect/cmd/pull.go:212.3,213.48 2 1
github.com/alby-tomy/gitcollect/cmd/pull.go:213.48,214.12 1 1
github.com/alby-tomy/gitcollect/cmd/pull.go:216.3,216.33 1 1
github.com/alby-tomy/gitcollect/cmd/pull.go:216.33,217.12 1 1
github.com/alby-tomy/gitcollect/cmd/pull.go:219.3,219.38 1 1
github.com/alby-tomy/gitcollect/cmd/pull.go:222.2,222.21 1 1
github.com/alby-tomy/gitcollect/cmd/pull.go:222.21,224.3 1 1
github.com/alby-tomy/gitcollect/cmd/pull.go:226.2,226.12 1 1
github.com/alby-tomy/gitcollect/cmd/pull.go:226.12,228.30 2 1
github.com/alby-tomy/gitcollect/cmd/pull.go:228.30,230.13 2 1
github.com/alby-tomy/gitcollect/cmd/pull.go:230.13,232.5 1 0
github.com/alby-tomy/gitcollect/cmd/pull.go:232.10,234.5 1 1
github.com/alby-tomy/gitcollect/cmd/pull.go:236.3,236.13 1 1
github.com/alby-tomy/gitcollect/cmd/pull.go:239.2,239.26 1 1
github.com/alby-tomy/gitcollect/cmd/pull.go:239.26,242.3 2 0
github.com/alby-tomy/gitcollect/cmd/pull.go:244.2,245.29 2 1
github.com/alby-tomy/gitcollect/cmd/pull.go:245.29,248.17 3 1
github.com/alby-tomy/gitcollect/cmd/pull.go:248.17,250.12 2 0
github.com/alby-tomy/gitcollect/cmd/pull.go:252.3,252.12 1 1
github.com/alby-tomy/gitcollect/cmd/pull.go:252.12,254.12 2 1
github.com/alby-tomy/gitcollect/cmd/pull.go:256.3,256.67 1 1
github.com/alby-tomy/gitcollect/cmd/pull.go:256.67,257.44 1 1
github.com/alby-tomy/gitcollect/cmd/pull.go:257.44,259.13 2 0
github.com/alby-tomy/gitcollect/cmd/pull.go:261.4,262.12 2 1
github.com/alby-tomy/gitcollect/cmd/pull.go:266.2,266.16 1 1
github.com/alby-tomy/gitcollect/cmd/pull.go:266.16,268.3 1 1
github.com/alby-tomy/gitcollect/cmd/pull.go:269.2,269.12 1 1
github.com/alby-tomy/gitcollect/cmd/pull.go:274.49,276.16 2 1
github.com/alby-tomy/gitcollect/cmd/pull.go:276.16,278.3 1 0
github.com/alby-tomy/gitcollect/cmd/pull.go:279.2,283.21 4 1
github.com/alby-tomy/gitcollect/cmd/pull.go:283.21,285.34 2 1
github.com/alby-tomy/gitcollect/cmd/pull.go:285.34,287.12 2 1
github.com/alby-tomy/gitcollect/cmd/pull.go:289.3,289.35 1 1
github.com/alby-tomy/gitcollect/cmd/pull.go:289.35,291.4 1 1
github.com/alby-tomy/gitcollect/cmd/pull.go:292.3,292.58 1 1
github.com/alby-tomy/gitcollect/cmd/pull.go:292.58,294.4 1 1
github.com/alby-tomy/gitcollect/cmd/pull.go:296.2,296.11 1 0
github.com/alby-tomy/gitcollect/cmd/pull.go:299.30,302.2 2 1
github.com/alby-tomy/gitcollect/cmd/pull_config.go:36.13,43.2 6 1
github.com/alby-tomy/gitcollect/cmd/pull_config.go:45.56,46.26 1 1
github.com/alby-tomy/gitcollect/cmd/pull_config.go:46.26,48.3 1 1
github.com/alby-tomy/gitcollect/cmd/pull_config.go:49.2,49.45 1 0
github.com/alby-tomy/gitcollect/cmd/pull_config.go:49.45,51.3 1 0
github.com/alby-tomy/gitcollect/cmd/pull_config.go:53.2,60.16 5 0
github.com/alby-tomy/gitcollect/cmd/pull_config.go:60.16,62.3 1 0
github.com/alby-tomy/gitcollect/cmd/pull_config.go:63.2,65.59 2 0
github.com/alby-tomy/gitcollect/cmd/pull_config.go:65.59,67.3 1 0
github.com/alby-tomy/gitcollect/cmd/pull_config.go:69.2,69.58 1 0
github.com/alby-tomy/gitcollect/cmd/pull_config.go:69.58,70.64 1 0
github.com/alby-tomy/gitcollect/cmd/pull_config.go:70.64,72.4 1 0
github.com/alby-tomy/gitcollect/cmd/pull_config.go:75.2,77.16 3 0
github.com/alby-tomy/gitcollect/cmd/pull_config.go:77.16,78.25 1 0
github.com/alby-tomy/gitcollect/cmd/pull_config.go:78.25,80.4 1 0
github.com/alby-tomy/gitcollect/cmd/pull_config.go:81.3,81.79 1 0
github.com/alby-tomy/gitcollect/cmd/pull_config.go:84.2,85.16 2 0
github.com/alby-tomy/gitcollect/cmd/pull_config.go:85.16,87.3 1 0
github.com/alby-tomy/gitcollect/cmd/pull_config.go:88.2,88.50 1 0
github.com/alby-tomy/gitcollect/cmd/pull_config.go:88.50,90.3 1 0
github.com/alby-tomy/gitcollect/cmd/pull_config.go:92.2,93.28 2 0
github.com/alby-tomy/gitcollect/cmd/pull_config.go:93.28,94.57 1 0
github.com/alby-tomy/gitcollect/cmd/pull_config.go:94.57,95.12 1 0
github.com/alby-tomy/gitcollect/cmd/pull_config.go:97.3,100.65 2 0
github.com/alby-tomy/gitcollect/cmd/pull_config.go:100.65,101.12 1 0
github.com/alby-tomy/gitcollect/cmd/pull_config.go:104.3,107.73 2 0
github.com/alby-tomy/gitcollect/cmd/pull_config.go:107.73,110.12 3 0
github.com/alby-tomy/gitcollect/cmd/pull_config.go:113.3,114.44 2 0
github.com/alby-tomy/gitcollect/cmd/pull_config.go:114.44,116.4 1 0
github.com/alby-tomy/gitcollect/cmd/pull_config.go:118.3,119.72 2 0
github.com/alby-tomy/gitcollect/cmd/pull_config.go:119.72,121.4 1 0
github.com/alby-tomy/gitcollect/cmd/pull_config.go:122.3,122.12 1 0
github.com/alby-tomy/gitcollect/cmd/pull_config.go:122.12,124.4 1 0
github.com/alby-tomy/gitcollect/cmd/pull_config.go:124.9,126.4 1 0
github.com/alby-tomy/gitcollect/cmd/pull_config.go:127.3,127.12 1 0
github.com/alby-tomy/gitcollect/cmd/pull_config.go:130.2,130.48 1 0
github.com/alby-tomy/gitcollect/cmd/pull_config.go:130.48,132.3 1 0
github.com/alby-tomy/gitcollect/cmd/pull_config.go:134.2,136.17 3 0
github.com/alby-tomy/gitcollect/cmd/pull_config.go:136.17,138.3 1 0
github.com/alby-tomy/gitcollect/cmd/pull_config.go:140.2,144.16 4 0
github.com/alby-tomy/gitcollect/cmd/pull_config.go:144.16,154.3 2 0
github.com/alby-tomy/gitcollect/cmd/pull_config.go:156.2,156.12 1 0
github.com/alby-tomy/gitcollect/cmd/remove.go:25.13,27.2 1 1
github.com/alby-tomy/gitcollect/cmd/remove.go:29.57,34.16 4 0
github.com/alby-tomy/gitcollect/cmd/remove.go:34.16,36.3 1 0
github.com/alby-tomy/gitcollect/cmd/remove.go:38.2,39.30 2 0
github.com/alby-tomy/gitcollect/cmd/remove.go:39.30,40.25 1 0
github.com/alby-tomy/gitcollect/cmd/remove.go:40.25,42.9 2 0
github.com/alby-tomy/gitcollect/cmd/remove.go:45.2,45.15 1 0
github.com/alby-tomy/gitcollect/cmd/remove.go:45.15,47.3 1 0
github.com/alby-tomy/gitcollect/cmd/remove.go:48.2,48.28 1 0
github.com/alby-tomy/gitcollect/cmd/remove.go:48.28,50.3 1 0
github.com/alby-tomy/gitcollect/cmd/remove.go:52.2,53.43 2 0
github.com/alby-tomy/gitcollect/cmd/remove.go:53.43,55.3 1 0
github.com/alby-tomy/gitcollect/cmd/remove.go:57.2,57.64 1 0
github.com/alby-tomy/gitcollect/cmd/remove.go:57.64,67.3 2 0
github.com/alby-tomy/gitcollect/cmd/remove.go:69.2,70.35 2 0
github.com/alby-tomy/gitcollect/cmd/remove.go:70.35,72.3 1 0
github.com/alby-tomy/gitcollect/cmd/remove.go:74.2,84.12 3 0
github.com/alby-tomy/gitcollect/cmd/remove.go:90.93,98.37 3 0
github.com/alby-tomy/gitcollect/cmd/remove.go:98.37,102.31 4 0
github.com/alby-tomy/gitcollect/cmd/remove.go:102.31,104.17 2 0
github.com/alby-tomy/gitcollect/cmd/remove.go:104.17,104.26 1 0
github.com/alby-tomy/gitcollect/cmd/remove.go:105.4,105.87 1 0
github.com/alby-tomy/gitcollect/cmd/remove.go:105.87,109.5 3 0
github.com/alby-tomy/gitcollect/cmd/remove.go:112.2,113.19 2 0
github.com/alby-tomy/gitcollect/cmd/remove.go:113.19,115.3 1 0
github.com/alby-tomy/gitcollect/cmd/remove.go:116.2,116.12 1 0
github.com/alby-tomy/gitcollect/cmd/rename.go:20.13,22.2 1 1
github.com/alby-tomy/gitcollect/cmd/rename.go:24.57,28.16 3 1
github.com/alby-tomy/gitcollect/cmd/rename.go:28.16,30.3 1 0
github.com/alby-tomy/gitcollect/cmd/rename.go:31.2,31.28 1 1
github.com/alby-tomy/gitcollect/cmd/rename.go:31.28,33.3 1 1
github.com/alby-tomy/gitcollect/cmd/rename.go:35.2,36.44 2 1
github.com/alby-tomy/gitcollect/cmd/rename.go:36.44,38.3 1 1
github.com/alby-tomy/gitcollect/cmd/rename.go:39.2,39.66 1 1
github.com/alby-tomy/gitcollect/cmd/rename.go:39.66,41.3 1 0
github.com/alby-tomy/gitcollect/cmd/rename.go:43.2,53.12 3 1
github.com/alby-tomy/gitcollect/cmd/repo.go:45.13,53.2 6 1
github.com/alby-tomy/gitcollect/cmd/repo.go:55.61,61.47 5 0
github.com/alby-tomy/gitcollect/cmd/repo.go:61.47,63.3 1 0
[...]
github.com/alby-tomy/gitcollect/cmd/status.go:58.3,61.17 3 1
github.com/alby-tomy/gitcollect/cmd/status.go:61.17,63.12 2 0
github.com/alby-tomy/gitcollect/cmd/status.go:65.3,68.35 3 1
github.com/alby-tomy/gitcollect/cmd/status.go:68.35,70.19 2 1
github.com/alby-tomy/gitcollect/cmd/status.go:70.19,71.13 1 1
github.com/alby-tomy/gitcollect/cmd/status.go:73.4,74.18 2 0
github.com/alby-tomy/gitcollect/cmd/status.go:74.18,75.13 1 0
github.com/alby-tomy/gitcollect/cmd/status.go:77.4,78.17 2 0
github.com/alby-tomy/gitcollect/cmd/status.go:78.17,80.5 1 0
github.com/alby-tomy/gitcollect/cmd/status.go:81.4,82.78 2 0
github.com/alby-tomy/gitcollect/cmd/status.go:84.3,84.20 1 1
github.com/alby-tomy/gitcollect/cmd/status.go:84.20,87.4 2 0
github.com/alby-tomy/gitcollect/cmd/status.go:89.2,89.12 1 1
github.com/alby-tomy/gitcollect/cmd/status.go:92.57,93.32 1 1
github.com/alby-tomy/gitcollect/cmd/status.go:93.32,95.3 1 0
github.com/alby-tomy/gitcollect/cmd/status.go:96.2,96.34 1 1
github.com/alby-tomy/gitcollect/cmd/status.go:96.34,98.3 1 0
github.com/alby-tomy/gitcollect/cmd/status.go:99.2,99.15 1 1
github.com/alby-tomy/gitcollect/cmd/status.go:99.15,101.3 1 1
github.com/alby-tomy/gitcollect/cmd/status.go:103.2,105.45 2 1
github.com/alby-tomy/gitcollect/cmd/status.go:105.45,107.3 1 0
github.com/alby-tomy/gitcollect/cmd/status.go:109.2,110.16 2 1
github.com/alby-tomy/gitcollect/cmd/status.go:110.16,112.3 1 0
github.com/alby-tomy/gitcollect/cmd/status.go:114.2,115.16 2 1
github.com/alby-tomy/gitcollect/cmd/status.go:115.16,117.3 1 0
github.com/alby-tomy/gitcollect/cmd/status.go:119.2,123.34 4 1
github.com/alby-tomy/gitcollect/cmd/status.go:123.34,125.18 2 1
github.com/alby-tomy/gitcollect/cmd/status.go:125.18,127.12 2 0
github.com/alby-tomy/gitcollect/cmd/status.go:130.3,131.17 2 1
github.com/alby-tomy/gitcollect/cmd/status.go:131.17,133.12 2 0
github.com/alby-tomy/gitcollect/cmd/status.go:136.3,136.20 1 1
github.com/alby-tomy/gitcollect/cmd/status.go:136.20,137.17 1 1
github.com/alby-tomy/gitcollect/cmd/status.go:137.17,139.5 1 1
github.com/alby-tomy/gitcollect/cmd/status.go:139.10,141.5 1 0
github.com/alby-tomy/gitcollect/cmd/status.go:142.4,142.12 1 1
github.com/alby-tomy/gitcollect/cmd/status.go:145.3,146.16 2 1
github.com/alby-tomy/gitcollect/cmd/status.go:146.16,148.4 1 1
github.com/alby-tomy/gitcollect/cmd/status.go:150.3,151.77 2 1
github.com/alby-tomy/gitcollect/cmd/status.go:154.2,154.19 1 1
github.com/alby-tomy/gitcollect/cmd/status.go:154.19,157.3 2 1
github.com/alby-tomy/gitcollect/cmd/status.go:158.2,158.22 1 1
github.com/alby-tomy/gitcollect/cmd/status.go:158.22,160.3 1 0
github.com/alby-tomy/gitcollect/cmd/status.go:161.2,161.21 1 1
github.com/alby-tomy/gitcollect/cmd/status.go:161.21,163.28 2 0
github.com/alby-tomy/gitcollect/cmd/status.go:163.28,165.4 1 0
github.com/alby-tomy/gitcollect/cmd/status.go:166.3,166.62 1 0
github.com/alby-tomy/gitcollect/cmd/status.go:169.2,169.62 1 1
github.com/alby-tomy/gitcollect/cmd/status.go:169.62,171.3 1 1
github.com/alby-tomy/gitcollect/cmd/status.go:173.2,173.12 1 1
github.com/alby-tomy/gitcollect/cmd/sync.go:39.13,45.2 5 1
github.com/alby-tomy/gitcollect/cmd/sync.go:47.55,48.30 1 1
github.com/alby-tomy/gitcollect/cmd/sync.go:48.30,50.3 1 0
github.com/alby-tomy/gitcollect/cmd/sync.go:51.2,51.32 1 1
github.com/alby-tomy/gitcollect/cmd/sync.go:51.32,53.3 1 0
github.com/alby-tomy/gitcollect/cmd/sync.go:54.2,54.13 1 1
github.com/alby-tomy/gitcollect/cmd/sync.go:54.13,56.3 1 0
github.com/alby-tomy/gitcollect/cmd/sync.go:57.2,59.25 2 1
github.com/alby-tomy/gitcollect/cmd/sync.go:59.25,61.3 1 0
github.com/alby-tomy/gitcollect/cmd/sync.go:62.2,62.45 1 1
github.com/alby-tomy/gitcollect/cmd/sync.go:62.45,64.3 1 0
github.com/alby-tomy/gitcollect/cmd/sync.go:66.2,67.16 2 1
github.com/alby-tomy/gitcollect/cmd/sync.go:67.16,69.3 1 0
github.com/alby-tomy/gitcollect/cmd/sync.go:71.2,72.16 2 1
github.com/alby-tomy/gitcollect/cmd/sync.go:72.16,74.3 1 0
github.com/alby-tomy/gitcollect/cmd/sync.go:75.2,79.26 3 1
github.com/alby-tomy/gitcollect/cmd/sync.go:79.26,82.3 2 0
github.com/alby-tomy/gitcollect/cmd/sync.go:84.2,87.28 3 1
github.com/alby-tomy/gitcollect/cmd/sync.go:87.28,88.19 1 1
github.com/alby-tomy/gitcollect/cmd/sync.go:88.19,90.4 1 0
github.com/alby-tomy/gitcollect/cmd/sync.go:90.9,92.4 1 1
github.com/alby-tomy/gitcollect/cmd/sync.go:95.2,95.16 1 1
github.com/alby-tomy/gitcollect/cmd/sync.go:95.16,98.3 2 1
github.com/alby-tomy/gitcollect/cmd/sync.go:100.2,100.21 1 0
github.com/alby-tomy/gitcollect/cmd/sync.go:100.21,102.28 2 0
github.com/alby-tomy/gitcollect/cmd/sync.go:102.28,104.4 1 0
github.com/alby-tomy/gitcollect/cmd/sync.go:105.8,107.57 2 0
github.com/alby-tomy/gitcollect/cmd/sync.go:107.57,109.4 1 0
github.com/alby-tomy/gitcollect/cmd/sync.go:112.2,112.22 1 0
github.com/alby-tomy/gitcollect/cmd/sync.go:112.22,115.3 2 0
github.com/alby-tomy/gitcollect/cmd/sync.go:117.2,117.21 1 0
github.com/alby-tomy/gitcollect/cmd/sync.go:117.21,119.3 1 0
github.com/alby-tomy/gitcollect/cmd/sync.go:120.2,120.12 1 0
github.com/alby-tomy/gitcollect/cmd/sync.go:124.69,126.16 2 1
github.com/alby-tomy/gitcollect/cmd/sync.go:126.16,128.3 1 0
github.com/alby-tomy/gitcollect/cmd/sync.go:129.2,129.21 1 1
github.com/alby-tomy/gitcollect/cmd/sync.go:129.21,132.3 2 0
github.com/alby-tomy/gitcollect/cmd/sync.go:134.2,135.29 2 1
github.com/alby-tomy/gitcollect/cmd/sync.go:135.29,137.17 2 1
github.com/alby-tomy/gitcollect/cmd/sync.go:137.17,139.12 2 0
github.com/alby-tomy/gitcollect/cmd/sync.go:141.3,144.17 3 1
github.com/alby-tomy/gitcollect/cmd/sync.go:144.17,147.12 3 0
github.com/alby-tomy/gitcollect/cmd/sync.go:149.3,151.27 2 1
github.com/alby-tomy/gitcollect/cmd/sync.go:151.27,153.12 2 1
github.com/alby-tomy/gitcollect/cmd/sync.go:156.3,158.29 3 0
github.com/alby-tomy/gitcollect/cmd/sync.go:158.29,159.20 1 0
github.com/alby-tomy/gitcollect/cmd/sync.go:159.20,161.5 1 0
github.com/alby-tomy/gitcollect/cmd/sync.go:161.10,163.5 1 0
github.com/alby-tomy/gitcollect/cmd/sync.go:165.3,165.13 1 0
github.com/alby-tomy/gitcollect/cmd/sync.go:165.13,167.4 1 0
github.com/alby-tomy/gitcollect/cmd/sync.go:167.9,169.4 1 0
github.com/alby-tomy/gitcollect/cmd/sync.go:170.3,170.17 1 0
github.com/alby-tomy/gitcollect/cmd/sync.go:170.17,173.4 2 0
github.com/alby-tomy/gitcollect/cmd/sync.go:176.2,176.15 1 1
github.com/alby-tomy/gitcollect/cmd/sync.go:176.15,178.3 1 0
github.com/alby-tomy/gitcollect/cmd/sync.go:179.2,179.12 1 1
github.com/alby-tomy/gitcollect/cmd/sync.go:201.154,211.31 3 1
github.com/alby-tomy/gitcollect/cmd/sync.go:211.31,214.46 3 1
github.com/alby-tomy/gitcollect/cmd/sync.go:214.46,216.17 2 1
github.com/alby-tomy/gitcollect/cmd/sync.go:216.17,216.26 1 1
github.com/alby-tomy/gitcollect/cmd/sync.go:218.4,228.15 9 1
github.com/alby-tomy/gitcollect/cmd/sync.go:231.2,232.16 2 1
github.com/alby-tomy/gitcollect/cmd/sync.go:238.140,240.17 2 1
github.com/alby-tomy/gitcollect/cmd/sync.go:240.17,241.13 1 1
github.com/alby-tomy/gitcollect/cmd/sync.go:241.13,243.4 1 1
github.com/alby-tomy/gitcollect/cmd/sync.go:244.3,245.31 2 0
github.com/alby-tomy/gitcollect/cmd/sync.go:248.2,248.12 1 0
github.com/alby-tomy/gitcollect/cmd/sync.go:248.12,250.3 1 0
github.com/alby-tomy/gitcollect/cmd/sync.go:251.2,252.29 2 0
github.com/alby-tomy/gitcollect/cmd/sync.go:257.55,259.29 2 1
github.com/alby-tomy/gitcollect/cmd/sync.go:259.29,261.3 1 1
github.com/alby-tomy/gitcollect/cmd/sync.go:263.2,264.9 2 1
github.com/alby-tomy/gitcollect/cmd/sync.go:265.14,266.24 1 1
github.com/alby-tomy/gitcollect/cmd/sync.go:267.20,268.42 1 1
github.com/alby-tomy/gitcollect/cmd/sync.go:269.31,270.65 1 1
github.com/alby-tomy/gitcollect/cmd/sync.go:271.25,272.28 1 1
github.com/alby-tomy/gitcollect/cmd/sync.go:273.10,274.61 1 1
github.com/alby-tomy/gitcollect/cmd/sync.go:277.2,277.60 1 1
github.com/alby-tomy/gitcollect/cmd/sync_config.go:37.13,43.2 5 1
github.com/alby-tomy/gitcollect/cmd/sync_config.go:54.45,57.2 1 1
github.com/alby-tomy/gitcollect/cmd/sync_config.go:61.119,65.16 3 1
github.com/alby-tomy/gitcollect/cmd/sync_config.go:65.16,67.3 1 0
github.com/alby-tomy/gitcollect/cmd/sync_config.go:68.2,69.16 2 1
github.com/alby-tomy/gitcollect/cmd/sync_config.go:69.16,71.3 1 0
github.com/alby-tomy/gitcollect/cmd/sync_config.go:74.2,76.32 3 1
github.com/alby-tomy/gitcollect/cmd/sync_config.go:76.32,78.3 1 1
github.com/alby-tomy/gitcollect/cmd/sync_config.go:79.2,80.30 2 1
github.com/alby-tomy/gitcollect/cmd/sync_config.go:80.30,82.3 1 1
github.com/alby-tomy/gitcollect/cmd/sync_config.go:85.2,86.31 2 1
github.com/alby-tomy/gitcollect/cmd/sync_config.go:86.31,88.3 1 1
github.com/alby-tomy/gitcollect/cmd/sync_config.go:89.2,90.29 2 1
github.com/alby-tomy/gitcollect/cmd/sync_config.go:90.29,92.3 1 1
github.com/alby-tomy/gitcollect/cmd/sync_config.go:95.2,95.31 1 1
github.com/alby-tomy/gitcollect/cmd/sync_config.go:95.31,96.28 1 1
github.com/alby-tomy/gitcollect/cmd/sync_config.go:96.28,98.19 2 1
github.com/alby-tomy/gitcollect/cmd/sync_config.go:98.19,100.5 1 0
github.com/alby-tomy/gitcollect/cmd/sync_config.go:101.4,101.88 1 1
github.com/alby-tomy/gitcollect/cmd/sync_config.go:105.2,105.33 1 1
github.com/alby-tomy/gitcollect/cmd/sync_config.go:105.33,106.29 1 1
github.com/alby-tomy/gitcollect/cmd/sync_config.go:106.29,108.19 2 1
github.com/alby-tomy/gitcollect/cmd/sync_config.go:108.19,110.5 1 0
github.com/alby-tomy/gitcollect/cmd/sync_config.go:111.4,111.58 1 1
github.com/alby-tomy/gitcollect/cmd/sync_config.go:116.2,116.29 1 1
github.com/alby-tomy/gitcollect/cmd/sync_config.go:116.29,117.28 1 1
github.com/alby-tomy/gitcollect/cmd/sync_config.go:117.28,119.4 1 1
github.com/alby-tomy/gitcollect/cmd/sync_config.go:122.2,122.30 1 1
github.com/alby-tomy/gitcollect/cmd/sync_config.go:122.30,123.31 1 1
github.com/alby-tomy/gitcollect/cmd/sync_config.go:123.31,125.4 1 0
github.com/alby-tomy/gitcollect/cmd/sync_config.go:128.2,128.17 1 1
github.com/alby-tomy/gitcollect/cmd/sync_config.go:133.106,136.36 2 1
github.com/alby-tomy/gitcollect/cmd/sync_config.go:136.36,137.24 1 1
github.com/alby-tomy/gitcollect/cmd/sync_config.go:137.24,139.4 1 1
github.com/alby-tomy/gitcollect/cmd/sync_config.go:141.2,141.22 1 1
github.com/alby-tomy/gitcollect/cmd/sync_config.go:141.22,143.3 1 1
github.com/alby-tomy/gitcollect/cmd/sync_config.go:144.2,147.23 2 1
github.com/alby-tomy/gitcollect/cmd/sync_config.go:147.23,149.3 1 0
github.com/alby-tomy/gitcollect/cmd/sync_config.go:150.2,150.36 1 1
github.com/alby-tomy/gitcollect/cmd/sync_config.go:150.36,151.20 1 1
github.com/alby-tomy/gitcollect/cmd/sync_config.go:151.20,153.4 1 1
github.com/alby-tomy/gitcollect/cmd/sync_config.go:157.2,158.34 2 1
github.com/alby-tomy/gitcollect/cmd/sync_config.go:158.34,164.3 1 1
github.com/alby-tomy/gitcollect/cmd/sync_config.go:165.2,165.24 1 1
github.com/alby-tomy/gitcollect/cmd/sync_config.go:168.59,171.20 2 1
github.com/alby-tomy/gitcollect/cmd/sync_config.go:171.20,173.3 1 1
github.com/alby-tomy/gitcollect/cmd/sync_config.go:173.8,175.17 2 0
github.com/alby-tomy/gitcollect/cmd/sync_config.go:175.17,177.4 1 0
github.com/alby-tomy/gitcollect/cmd/sync_config.go:178.3,178.17 1 0
github.com/alby-tomy/gitcollect/cmd/sync_config.go:181.2,181.21 1 1
github.com/alby-tomy/gitcollect/cmd/sync_config.go:181.21,183.3 1 0
github.com/alby-tomy/gitcollect/cmd/sync_config.go:185.2,186.29 2 1
github.com/alby-tomy/gitcollect/cmd/sync_config.go:186.29,188.17 2 1
github.com/alby-tomy/gitcollect/cmd/sync_config.go:188.17,191.12 3 0
github.com/alby-tomy/gitcollect/cmd/sync_config.go:194.3,195.16 2 1
github.com/alby-tomy/gitcollect/cmd/sync_config.go:195.16,197.4 1 1
github.com/alby-tomy/gitcollect/cmd/sync_config.go:198.3,198.16 1 1
github.com/alby-tomy/gitcollect/cmd/sync_config.go:198.16,201.12 3 1
github.com/alby-tomy/gitcollect/cmd/sync_config.go:204.3,205.17 2 1
github.com/alby-tomy/gitcollect/cmd/sync_config.go:205.17,207.4 1 1
github.com/alby-tomy/gitcollect/cmd/sync_config.go:208.3,208.17 1 1
github.com/alby-tomy/gitcollect/cmd/sync_config.go:208.17,210.4 1 0
github.com/alby-tomy/gitcollect/cmd/sync_config.go:211.3,211.23 1 1
github.com/alby-tomy/gitcollect/cmd/sync_config.go:211.23,213.4 1 0
github.com/alby-tomy/gitcollect/cmd/sync_config.go:214.3,214.23 1 1
github.com/alby-tomy/gitcollect/cmd/sync_config.go:214.23,216.4 1 0
github.com/alby-tomy/gitcollect/cmd/sync_config.go:218.3,219.17 2 1
github.com/alby-tomy/gitcollect/cmd/sync_config.go:219.17,222.12 3 0
github.com/alby-tomy/gitcollect/cmd/sync_config.go:224.3,229.74 3 1
github.com/alby-tomy/gitcollect/cmd/sync_config.go:229.74,231.4 1 1
github.com/alby-tomy/gitcollect/cmd/sync_config.go:233.3,236.17 3 1
github.com/alby-tomy/gitcollect/cmd/sync_config.go:236.17,239.12 3 0
github.com/alby-tomy/gitcollect/cmd/sync_config.go:242.3,242.25 1 1
github.com/alby-tomy/gitcollect/cmd/sync_config.go:242.25,244.12 2 1
github.com/alby-tomy/gitcollect/cmd/sync_config.go:247.3,248.39 2 1
github.com/alby-tomy/gitcollect/cmd/sync_config.go:248.39,250.4 1 1
github.com/alby-tomy/gitcollect/cmd/sync_config.go:251.3,251.41 1 1
github.com/alby-tomy/gitcollect/cmd/sync_config.go:251.41,253.4 1 1
github.com/alby-tomy/gitcollect/cmd/sync_config.go:254.3,254.37 1 1
github.com/alby-tomy/gitcollect/cmd/sync_config.go:254.37,256.4 1 1
github.com/alby-tomy/gitcollect/cmd/sync_config.go:257.3,257.39 1 1
github.com/alby-tomy/gitcollect/cmd/sync_config.go:257.39,259.4 1 0
github.com/alby-tomy/gitcollect/cmd/sync_config.go:261.3,261.23 1 1
github.com/alby-tomy/gitcollect/cmd/sync_config.go:261.23,263.12 2 1
github.com/alby-tomy/gitcollect/cmd/sync_config.go:267.3,268.17 2 1
github.com/alby-tomy/gitcollect/cmd/sync_config.go:268.17,271.12 3 0
github.com/alby-tomy/gitcollect/cmd/sync_config.go:273.3,274.17 2 1
github.com/alby-tomy/gitcollect/cmd/sync_config.go:274.17,277.12 3 0
github.com/alby-tomy/gitcollect/cmd/sync_config.go:280.3,282.36 2 1
github.com/alby-tomy/gitcollect/cmd/sync_config.go:282.36,285.12 3 0
github.com/alby-tomy/gitcollect/cmd/sync_config.go:288.3,301.5 4 1
github.com/alby-tomy/gitcollect/cmd/sync_config.go:304.2,304.15 1 1
github.com/alby-tomy/gitcollect/cmd/sync_config.go:304.15,306.3 1 1
github.com/alby-tomy/gitcollect/cmd/sync_config.go:307.2,307.12 1 1
github.com/alby-tomy/gitcollect/cmd/sync_config.go:311.44,312.21 1 1
github.com/alby-tomy/gitcollect/cmd/sync_config.go:312.21,314.3 1 1
github.com/alby-tomy/gitcollect/cmd/sync_config.go:315.2,315.19 1 1
github.com/alby-tomy/gitcollect/cmd/sync_config.go:315.19,317.16 2 1
github.com/alby-tomy/gitcollect/cmd/sync_config.go:317.16,319.4 1 1
github.com/alby-tomy/gitcollect/cmd/sync_config.go:320.3,320.45 1 1
github.com/alby-tomy/gitcollect/cmd/sync_config.go:322.2,322.22 1 1
github.com/alby-tomy/gitcollect/cmd/sync_config.go:322.22,324.17 2 1
github.com/alby-tomy/gitcollect/cmd/sync_config.go:324.17,326.4 1 1
github.com/alby-tomy/gitcollect/cmd/sync_config.go:327.3,327.44 1 1
github.com/alby-tomy/gitcollect/cmd/sync_config.go:329.2,330.15 2 1
github.com/alby-tomy/gitcollect/cmd/sync_config.go:330.15,332.3 1 1
github.com/alby-tomy/gitcollect/cmd/sync_config.go:333.2,333.41 1 1
github.com/alby-tomy/gitcollect/cmd/transfer.go:22.13,24.2 1 1
github.com/alby-tomy/gitcollect/cmd/transfer.go:26.59,30.70 3 1
github.com/alby-tomy/gitcollect/cmd/transfer.go:30.70,32.3 1 0
github.com/alby-tomy/gitcollect/cmd/transfer.go:34.2,35.16 2 1
github.com/alby-tomy/gitcollect/cmd/transfer.go:35.16,37.3 1 0
github.com/alby-tomy/gitcollect/cmd/transfer.go:38.2,38.28 1 1
github.com/alby-tomy/gitcollect/cmd/transfer.go:38.28,40.3 1 1
github.com/alby-tomy/gitcollect/cmd/transfer.go:43.2,44.16 2 1
github.com/alby-tomy/gitcollect/cmd/transfer.go:44.16,45.45 1 0
github.com/alby-tomy/gitcollect/cmd/transfer.go:45.45,47.4 1 0
github.com/alby-tomy/gitcollect/cmd/transfer.go:48.3,48.71 1 0
github.com/alby-tomy/gitcollect/cmd/transfer.go:52.2,52.29 1 1
github.com/alby-tomy/gitcollect/cmd/transfer.go:52.29,54.3 1 1
github.com/alby-tomy/gitcollect/cmd/transfer.go:57.2,57.32 1 1
github.com/alby-tomy/gitcollect/cmd/transfer.go:57.32,62.3 1 1
github.com/alby-tomy/gitcollect/cmd/transfer.go:67.2,67.28 1 1
github.com/alby-tomy/gitcollect/cmd/transfer.go:67.28,68.63 1 0
github.com/alby-tomy/gitcollect/cmd/transfer.go:68.63,73.4 1 0
github.com/alby-tomy/gitcollect/cmd/transfer.go:77.2,81.96 5 1
github.com/alby-tomy/gitcollect/cmd/transfer.go:81.96,83.3 1 1
github.com/alby-tomy/gitcollect/cmd/transfer.go:86.2,92.32 5 0
github.com/alby-tomy/gitcollect/cmd/transfer.go:92.32,93.27 1 0
github.com/alby-tomy/gitcollect/cmd/transfer.go:93.27,95.9 2 0
github.com/alby-tomy/gitcollect/cmd/transfer.go:98.2,98.16 1 0
github.com/alby-tomy/gitcollect/cmd/transfer.go:98.16,100.3 1 0
github.com/alby-tomy/gitcollect/cmd/transfer.go:103.2,105.35 2 0
github.com/alby-tomy/gitcollect/cmd/transfer.go:105.35,107.3 1 0
github.com/alby-tomy/gitcollect/cmd/transfer.go:109.2,121.12 5 0
github.com/alby-tomy/gitcollect/cmd/transfer.go:125.63,127.25 2 1
github.com/alby-tomy/gitcollect/cmd/transfer.go:127.25,128.18 1 1
github.com/alby-tomy/gitcollect/cmd/transfer.go:128.18,130.4 1 1
github.com/alby-tomy/gitcollect/cmd/transfer.go:132.2,132.12 1 1
github.com/alby-tomy/gitcollect/cmd/version.go:24.54,25.18 1 1
github.com/alby-tomy/gitcollect/cmd/version.go:25.18,31.4 1 1
github.com/alby-tomy/gitcollect/cmd/version.go:32.3,33.13 2 1
github.com/alby-tomy/gitcollect/cmd/version.go:37.13,40.2 2 1
github.com/alby-tomy/gitcollect/cmd/visibility.go:22.13,24.2 1 1
github.com/alby-tomy/gitcollect/cmd/visibility.go:27.69,31.2 2 1
github.com/alby-tomy/gitcollect/cmd/visibility.go:33.61,38.14 4 0
github.com/alby-tomy/gitcollect/cmd/visibility.go:39.43,40.46 1 0
github.com/alby-tomy/gitcollect/cmd/visibility.go:41.44,42.47 1 0
github.com/alby-tomy/gitcollect/cmd/visibility.go:43.10,44.155 1 0
github.com/alby-tomy/gitcollect/cmd/visibility.go:47.2,48.16 2 0
github.com/alby-tomy/gitcollect/cmd/visibility.go:48.16,50.3 1 0
github.com/alby-tomy/gitcollect/cmd/visibility.go:51.2,51.28 1 0
github.com/alby-tomy/gitcollect/cmd/visibility.go:51.28,53.3 1 0
github.com/alby-tomy/gitcollect/cmd/visibility.go:55.2,58.26 3 0
github.com/alby-tomy/gitcollect/cmd/visibility.go:58.26,69.3 3 0
github.com/alby-tomy/gitcollect/cmd/visibility.go:71.2,71.50 1 0
github.com/alby-tomy/gitcollect/cmd/visibility.go:71.50,74.30 3 0
github.com/alby-tomy/gitcollect/cmd/visibility.go:74.30,76.4 1 0
github.com/alby-tomy/gitcollect/cmd/visibility.go:79.2,80.35 2 0
github.com/alby-tomy/gitcollect/cmd/visibility.go:80.35,90.3 2 0
github.com/alby-tomy/gitcollect/cmd/visibility.go:92.2,102.12 3 0
github.com/alby-tomy/gitcollect/cmd/whoami.go:17.56,17.93 1 0
github.com/alby-tomy/gitcollect/cmd/whoami.go:27.13,31.2 3 1
github.com/alby-tomy/gitcollect/cmd/whoami.go:39.57,41.16 2 1
github.com/alby-tomy/gitcollect/cmd/whoami.go:41.16,43.3 1 0
github.com/alby-tomy/gitcollect/cmd/whoami.go:44.2,44.21 1 1
github.com/alby-tomy/gitcollect/cmd/whoami.go:44.21,46.3 1 0
github.com/alby-tomy/gitcollect/cmd/whoami.go:48.2,50.29 3 1
github.com/alby-tomy/gitcollect/cmd/whoami.go:50.29,52.17 2 1
github.com/alby-tomy/gitcollect/cmd/whoami.go:52.17,54.4 1 0
github.com/alby-tomy/gitcollect/cmd/whoami.go:56.3,58.17 3 1
github.com/alby-tomy/gitcollect/cmd/whoami.go:58.17,59.43 1 1
github.com/alby-tomy/gitcollect/cmd/whoami.go:59.43,61.5 1 1
github.com/alby-tomy/gitcollect/cmd/whoami.go:62.4,63.12 2 1
github.com/alby-tomy/gitcollect/cmd/whoami.go:65.3,65.71 1 1
github.com/alby-tomy/gitcollect/cmd/whoami.go:68.2,68.16 1 1
github.com/alby-tomy/gitcollect/cmd/whoami.go:68.16,70.3 1 0
github.com/alby-tomy/gitcollect/cmd/whoami.go:72.2,73.28 2 1
github.com/alby-tomy/gitcollect/cmd/whoami.go:73.28,75.20 2 1
github.com/alby-tomy/gitcollect/cmd/whoami.go:75.20,77.4 1 1
github.com/alby-tomy/gitcollect/cmd/whoami.go:78.3,78.46 1 1
github.com/alby-tomy/gitcollect/cmd/whoami.go:80.2,81.17 2 1
github.com/alby-tomy/gitcollect/cmd/whoami.go:81.17,83.18 2 1
github.com/alby-tomy/gitcollect/cmd/whoami.go:83.18,85.4 1 1
github.com/alby-tomy/gitcollect/cmd/whoami.go:87.2,87.12 1 1
